[2018-07-22 11:37:27] server.ERROR: PDOException: SQLSTATE[42S02]: Base table or view not found: 1146 Table 'socialite3.static_pages' doesn't exist in /Users/macbook/Documents/Learn/Socialite v3.1 - Laravel Social Network Script/Socialite v3.1 - Laravel Social Network Script/socialite3.1/vendor/doctrine/dbal/lib/Doctrine/DBAL/Driver/PDOConnection.php:77
Stack trace:
#0 /Users/macbook/Documents/Learn/Socialite v3.1 - Laravel Social Network Script/Socialite v3.1 - Laravel Social Network Script/socialite3.1/vendor/doctrine/dbal/lib/Doctrine/DBAL/Driver/PDOConnection.php(77): PDO->prepare('select * from `...', Array)
#1 /Users/macbook/Documents/Learn/Socialite v3.1 - Laravel Social Network Script/Socialite v3.1 - Laravel Social Network Script/socialite3.1/vendor/laravel/framework/src/Illuminate/Database/Connection.php(319): Doctrine\DBAL\Driver\PDOConnection->prepare('select * from `...')
#2 /Users/macbook/Documents/Learn/Socialite v3.1 - Laravel Social Network Script/Socialite v3.1 - Laravel Social Network Script/socialite3.1/vendor/laravel/framework/src/Illuminate/Database/Connection.php(640): Illuminate\Database\Connection->Illuminate\Database\{closure}('select * from `...', Array)
#3 /Users/macbook/Documents/Learn/Socialite v3.1 - Laravel Social Network Script/Socialite v3.1 - Laravel Social Network Script/socialite3.1/vendor/laravel/framework/src/Illuminate/Database/Connection.php(607): Illuminate\Database\Connection->runQueryCallback('select * from `...', Array, Object(Closure))
#4 /Users/macbook/Documents/Learn/Socialite v3.1 - Laravel Social Network Script/Socialite v3.1 - Laravel Social Network Script/socialite3.1/vendor/laravel/framework/src/Illuminate/Database/Connection.php(326): Illuminate\Database\Connection->run('select * from `...', Array, Object(Closure))
#5 /Users/macbook/Documents/Learn/Socialite v3.1 - Laravel Social Network Script/Socialite v3.1 - Laravel Social Network Script/socialite3.1/vendor/laravel/framework/src/Illuminate/Database/Query/Builder.php(1710): Illuminate\Database\Connection->select('select * from `...', Array, true)
#6 /Users/macbook/Documents/Learn/Socialite v3.1 - Laravel Social Network Script/Socialite v3.1 - Laravel Social Network Script/socialite3.1/vendor/laravel/framework/src/Illuminate/Database/Query/Builder.php(1695): Illuminate\Database\Query\Builder->runSelect()
#7 /Users/macbook/Documents/Learn/Socialite v3.1 - Laravel Social Network Script/Socialite v3.1 - Laravel Social Network Script/socialite3.1/vendor/laravel/framework/src/Illuminate/Database/Eloquent/Builder.php(462): Illuminate\Database\Query\Builder->get(Array)
#8 /Users/macbook/Documents/Learn/Socialite v3.1 - Laravel Social Network Script/Socialite v3.1 - Laravel Social Network Script/socialite3.1/vendor/laravel/framework/src/Illuminate/Database/Eloquent/Builder.php(446): Illuminate\Database\Eloquent\Builder->getModels(Array)
#9 /Users/macbook/Documents/Learn/Socialite v3.1 - Laravel Social Network Script/Socialite v3.1 - Laravel Social Network Script/socialite3.1/app/StaticPage.php(45): Illuminate\Database\Eloquent\Builder->get()
#10 /Users/macbook/Documents/Learn/Socialite v3.1 - Laravel Social Network Script/Socialite v3.1 - Laravel Social Network Script/socialite3.1/vendor/laravel/framework/src/Illuminate/Database/Eloquent/Builder.php(934): App\StaticPage->scopeActive(Object(Illuminate\Database\Eloquent\Builder))
#11 /Users/macbook/Documents/Learn/Socialite v3.1 - Laravel Social Network Script/Socialite v3.1 - Laravel Social Network Script/socialite3.1/vendor/laravel/framework/src/Illuminate/Database/Eloquent/Builder.php(1247): Illuminate\Database\Eloquent\Builder->callScope(Array, Array)
#12 /Users/macbook/Documents/Learn/Socialite v3.1 - Laravel Social Network Script/Socialite v3.1 - Laravel Social Network Script/socialite3.1/vendor/laravel/framework/src/Illuminate/Database/Eloquent/Model.php(1357): Illuminate\Database\Eloquent\Builder->__call('active', Array)
#13 /Users/macbook/Documents/Learn/Socialite v3.1 - Laravel Social Network Script/Socialite v3.1 - Laravel Social Network Script/socialite3.1/vendor/laravel/framework/src/Illuminate/Database/Eloquent/Model.php(1369): Illuminate\Database\Eloquent\Model->__call('active', Array)
#14 /Users/macbook/Documents/Learn/Socialite v3.1 - Laravel Social Network Script/Socialite v3.1 - Laravel Social Network Script/socialite3.1/storage/framework/views/d0572d362eac99626a87421385701223bac1f7f9.php(19): Illuminate\Database\Eloquent\Model::__callStatic('active', Array)
#15 /Users/macbook/Documents/Learn/Socialite v3.1 - Laravel Social Network Script/Socialite v3.1 - Laravel Social Network Script/socialite3.1/vendor/laravel/framework/src/Illuminate/View/Engines/PhpEngine.php(42): include('/Users/macbook/...')
#16 /Users/macbook/Documents/Learn/Socialite v3.1 - Laravel Social Network Script/Socialite v3.1 - Laravel Social Network Script/socialite3.1/vendor/laravel/framework/src/Illuminate/View/Engines/CompilerEngine.php(59): Illuminate\View\Engines\PhpEngine->evaluatePath('/Users/macbook/...', Array)
#17 /Users/macbook/Documents/Learn/Socialite v3.1 - Laravel Social Network Script/Socialite v3.1 - Laravel Social Network Script/socialite3.1/vendor/laravel/framework/src/Illuminate/View/View.php(137): Illuminate\View\Engines\CompilerEngine->get('/Users/macbook/...', Array)
#18 /Users/macbook/Documents/Learn/Socialite v3.1 - Laravel Social Network Script/Socialite v3.1 - Laravel Social Network Script/socialite3.1/vendor/laravel/framework/src/Illuminate/View/View.php(120): Illuminate\View\View->getContents()
#19 /Users/macbook/Documents/Learn/Socialite v3.1 - Laravel Social Network Script/Socialite v3.1 - Laravel Social Network Script/socialite3.1/vendor/laravel/framework/src/Illuminate/View/View.php(85): Illuminate\View\View->renderContents()
#20 /Users/macbook/Documents/Learn/Socialite v3.1 - Laravel Social Network Script/Socialite v3.1 - Laravel Social Network Script/socialite3.1/vendor/teepluss/theme/src/Theme.php(638): Illuminate\View\View->render()
#21 /Users/macbook/Documents/Learn/Socialite v3.1 - Laravel Social Network Script/Socialite v3.1 - Laravel Social Network Script/socialite3.1/vendor/teepluss/theme/src/Theme.php(603): Teepluss\Theme\Theme->loadPartial('footer', 'theme.default::...', Array)
#22 /Users/macbook/Documents/Learn/Socialite v3.1 - Laravel Social Network Script/Socialite v3.1 - Laravel Social Network Script/socialite3.1/vendor/laravel/framework/src/Illuminate/Support/Facades/Facade.php(221): Teepluss\Theme\Theme->partial('footer')
#23 /Users/macbook/Documents/Learn/Socialite v3.1 - Laravel Social Network Script/Socialite v3.1 - Laravel Social Network Script/socialite3.1/storage/framework/views/a7aea7ad6cd1d330a9cee3feb4fa46fbe4c6c089.php(53): Illuminate\Support\Facades\Facade::__callStatic('partial', Array)
#24 /Users/macbook/Documents/Learn/Socialite v3.1 - Laravel Social Network Script/Socialite v3.1 - Laravel Social Network Script/socialite3.1/vendor/laravel/framework/src/Illuminate/View/Engines/PhpEngine.php(42): include('/Users/macbook/...')
#25 /Users/macbook/Documents/Learn/Socialite v3.1 - Laravel Social Network Script/Socialite v3.1 - Laravel Social Network Script/socialite3.1/vendor/laravel/framework/src/Illuminate/View/Engines/CompilerEngine.php(59): Illuminate\View\Engines\PhpEngine->evaluatePath('/Users/macbook/...', Array)
#26 /Users/macbook/Documents/Learn/Socialite v3.1 - Laravel Social Network Script/Socialite v3.1 - Laravel Social Network Script/socialite3.1/vendor/laravel/framework/src/Illuminate/View/View.php(137): Illuminate\View\Engines\CompilerEngine->get('/Users/macbook/...', Array)
#27 /Users/macbook/Documents/Learn/Socialite v3.1 - Laravel Social Network Script/Socialite v3.1 - Laravel Social Network Script/socialite3.1/vendor/laravel/framework/src/Illuminate/View/View.php(120): Illuminate\View\View->getContents()
#28 /Users/macbook/Documents/Learn/Socialite v3.1 - Laravel Social Network Script/Socialite v3.1 - Laravel Social Network Script/socialite3.1/vendor/laravel/framework/src/Illuminate/View/View.php(85): Illuminate\View\View->renderContents()
#29 /Users/macbook/Documents/Learn/Socialite v3.1 - Laravel Social Network Script/Socialite v3.1 - Laravel Social Network Script/socialite3.1/vendor/teepluss/theme/src/Theme.php(1151): Illuminate\View\View->render()
#30 /Users/macbook/Documents/Learn/Socialite v3.1 - Laravel Social Network Script/Socialite v3.1 - Laravel Social Network Script/socialite3.1/app/Http/Controllers/Auth/LoginController.php(53): Teepluss\Theme\Theme->render()
#31 [internal function]: App\Http\Controllers\Auth\LoginController->getLogin()
#32 /Users/macbook/Documents/Learn/Socialite v3.1 - Laravel Social Network Script/Socialite v3.1 - Laravel Social Network Script/socialite3.1/vendor/laravel/framework/src/Illuminate/Routing/Controller.php(55): call_user_func_array(Array, Array)
#33 /Users/macbook/Documents/Learn/Socialite v3.1 - Laravel Social Network Script/Socialite v3.1 - Laravel Social Network Script/socialite3.1/vendor/laravel/framework/src/Illuminate/Routing/ControllerDispatcher.php(44): Illuminate\Routing\Controller->callAction('getLogin', Array)
#34 /Users/macbook/Documents/Learn/Socialite v3.1 - Laravel Social Network Script/Socialite v3.1 - Laravel Social Network Script/socialite3.1/vendor/laravel/framework/src/Illuminate/Routing/Route.php(203): Illuminate\Routing\ControllerDispatcher->dispatch(Object(Illuminate\Routing\Route), Object(App\Http\Controllers\Auth\LoginController), 'getLogin')
#35 /Users/macbook/Documents/Learn/Socialite v3.1 - Laravel Social Network Script/Socialite v3.1 - Laravel Social Network Script/socialite3.1/vendor/laravel/framework/src/Illuminate/Routing/Route.php(160): Illuminate\Routing\Route->runController()
#36 /Users/macbook/Documents/Learn/Socialite v3.1 - Laravel Social Network Script/Socialite v3.1 - Laravel Social Network Script/socialite3.1/vendor/laravel/framework/src/Illuminate/Routing/Router.php(574): Illuminate\Routing\Route->run()
#37 /Users/macbook/Documents/Learn/Socialite v3.1 - Laravel Social Network Script/Socialite v3.1 - Laravel Social Network Script/socialite3.1/vendor/laravel/framework/src/Illuminate/Routing/Pipeline.php(30): Illuminate\Routing\Router->Illuminate\Routing\{closure}(Object(Illuminate\Http\Request))
#38 /Users/macbook/Documents/Learn/Socialite v3.1 - Laravel Social Network Script/Socialite v3.1 - Laravel Social Network Script/socialite3.1/app/Http/Middleware/RedirectIfAuthenticated.php(25): Illuminate\Routing\Pipeline->Illuminate\Routing\{closure}(Object(Illuminate\Http\Request))
#39 /Users/macbook/Documents/Learn/Socialite v3.1 - Laravel Social Network Script/Socialite v3.1 - Laravel Social Network Script/socialite3.1/vendor/laravel/framework/src/Illuminate/Pipeline/Pipeline.php(148): App\Http\Middleware\RedirectIfAuthenticated->handle(Object(Illuminate\Http\Request), Object(Closure))
#40 /Users/macbook/Documents/Learn/Socialite v3.1 - Laravel Social Network Script/Socialite v3.1 - Laravel Social Network Script/socialite3.1/vendor/laravel/framework/src/Illuminate/Routing/Pipeline.php(53): Illuminate\Pipeline\Pipeline->Illuminate\Pipeline\{closure}(Object(Illuminate\Http\Request))
#41 /Users/macbook/Documents/Learn/Socialite v3.1 - Laravel Social Network Script/Socialite v3.1 - Laravel Social Network Script/socialite3.1/vendor/laravel/framework/src/Illuminate/Foundation/Http/Middleware/VerifyCsrfToken.php(65): Illuminate\Routing\Pipeline->Illuminate\Routing\{closure}(Object(Illuminate\Http\Request))
#42 /Users/macbook/Documents/Learn/Socialite v3.1 - Laravel Social Network Script/Socialite v3.1 - Laravel Social Network Script/socialite3.1/vendor/laravel/framework/src/Illuminate/Pipeline/Pipeline.php(148): Illuminate\Foundation\Http\Middleware\VerifyCsrfToken->handle(Object(Illuminate\Http\Request), Object(Closure))
#43 /Users/macbook/Documents/Learn/Socialite v3.1 - Laravel Social Network Script/Socialite v3.1 - Laravel Social Network Script/socialite3.1/vendor/laravel/framework/src/Illuminate/Routing/Pipeline.php(53): Illuminate\Pipeline\Pipeline->Illuminate\Pipeline\{closure}(Object(Illuminate\Http\Request))
#44 /Users/macbook/Documents/Learn/Socialite v3.1 - Laravel Social Network Script/Socialite v3.1 - Laravel Social Network Script/socialite3.1/vendor/laravel/framework/src/Illuminate/Routing/Middleware/SubstituteBindings.php(41): Illuminate\Routing\Pipeline->Illuminate\Routing\{closure}(Object(Illuminate\Http\Request))
#45 /Users/macbook/Documents/Learn/Socialite v3.1 - Laravel Social Network Script/Socialite v3.1 - Laravel Social Network Script/socialite3.1/vendor/laravel/framework/src/Illuminate/Pipeline/Pipeline.php(148): Illuminate\Routing\Middleware\SubstituteBindings->handle(Object(Illuminate\Http\Request), Object(Closure))
#46 /Users/macbook/Documents/Learn/Socialite v3.1 - Laravel Social Network Script/Socialite v3.1 - Laravel Social Network Script/socialite3.1/vendor/laravel/framework/src/Illuminate/Routing/Pipeline.php(53): Illuminate\Pipeline\Pipeline->Illuminate\Pipeline\{closure}(Object(Illuminate\Http\Request))
#47 /Users/macbook/Documents/Learn/Socialite v3.1 - Laravel Social Network Script/Socialite v3.1 - Laravel Social Network Script/socialite3.1/vendor/laravel/framework/src/Illuminate/View/Middleware/ShareErrorsFromSession.php(49): Illuminate\Routing\Pipeline->Illuminate\Routing\{closure}(Object(Illuminate\Http\Request))
#48 /Users/macbook/Documents/Learn/Socialite v3.1 - Laravel Social Network Script/Socialite v3.1 - Laravel Social Network Script/socialite3.1/vendor/laravel/framework/src/Illuminate/Pipeline/Pipeline.php(148): Illuminate\View\Middleware\ShareErrorsFromSession->handle(Object(Illuminate\Http\Request), Object(Closure))
#49 /Users/macbook/Documents/Learn/Socialite v3.1 - Laravel Social Network Script/Socialite v3.1 - Laravel Social Network Script/socialite3.1/vendor/laravel/framework/src/Illuminate/Routing/Pipeline.php(53): Illuminate\Pipeline\Pipeline->Illuminate\Pipeline\{closure}(Object(Illuminate\Http\Request))
#50 /Users/macbook/Documents/Learn/Socialite v3.1 - Laravel Social Network Script/Socialite v3.1 - Laravel Social Network Script/socialite3.1/app/Http/Middleware/Language.php(42): Illuminate\Routing\Pipeline->Illuminate\Routing\{closure}(Object(Illuminate\Http\Request))
#51 /Users/macbook/Documents/Learn/Socialite v3.1 - Laravel Social Network Script/Socialite v3.1 - Laravel Social Network Script/socialite3.1/vendor/laravel/framework/src/Illuminate/Pipeline/Pipeline.php(148): App\Http\Middleware\Language->handle(Object(Illuminate\Http\Request), Object(Closure))
#52 /Users/macbook/Documents/Learn/Socialite v3.1 - Laravel Social Network Script/Socialite v3.1 - Laravel Social Network Script/socialite3.1/vendor/laravel/framework/src/Illuminate/Routing/Pipeline.php(53): Illuminate\Pipeline\Pipeline->Illuminate\Pipeline\{closure}(Object(Illuminate\Http\Request))
#53 /Users/macbook/Documents/Learn/Socialite v3.1 - Laravel Social Network Script/Socialite v3.1 - Laravel Social Network Script/socialite3.1/vendor/laravel/framework/src/Illuminate/Session/Middleware/StartSession.php(64): Illuminate\Routing\Pipeline->Illuminate\Routing\{closure}(Object(Illuminate\Http\Request))
#54 /Users/macbook/Documents/Learn/Socialite v3.1 - Laravel Social Network Script/Socialite v3.1 - Laravel Social Network Script/socialite3.1/vendor/laravel/framework/src/Illuminate/Pipeline/Pipeline.php(148): Illuminate\Session\Middleware\StartSession->handle(Object(Illuminate\Http\Request), Object(Closure))
#55 /Users/macbook/Documents/Learn/Socialite v3.1 - Laravel Social Network Script/Socialite v3.1 - Laravel Social Network Script/socialite3.1/vendor/laravel/framework/src/Illuminate/Routing/Pipeline.php(53): Illuminate\Pipeline\Pipeline->Illuminate\Pipeline\{closure}(Object(Illuminate\Http\Request))
#56 /Users/macbook/Documents/Learn/Socialite v3.1 - Laravel Social Network Script/Socialite v3.1 - Laravel Social Network Script/socialite3.1/vendor/laravel/framework/src/Illuminate/Cookie/Middleware/AddQueuedCookiesToResponse.php(37): Illuminate\Routing\Pipeline->Illuminate\Routing\{closure}(Object(Illuminate\Http\Request))
#57 /Users/macbook/Documents/Learn/Socialite v3.1 - Laravel Social Network Script/Socialite v3.1 - Laravel Social Network Script/socialite3.1/vendor/laravel/framework/src/Illuminate/Pipeline/Pipeline.php(148): Illuminate\Cookie\Middleware\AddQueuedCookiesToResponse->handle(Object(Illuminate\Http\Request), Object(Closure))
#58 /Users/macbook/Documents/Learn/Socialite v3.1 - Laravel Social Network Script/Socialite v3.1 - Laravel Social Network Script/socialite3.1/vendor/laravel/framework/src/Illuminate/Routing/Pipeline.php(53): Illuminate\Pipeline\Pipeline->Illuminate\Pipeline\{closure}(Object(Illuminate\Http\Request))
#59 /Users/macbook/Documents/Learn/Socialite v3.1 - Laravel Social Network Script/Socialite v3.1 - Laravel Social Network Script/socialite3.1/vendor/laravel/framework/src/Illuminate/Cookie/Middleware/EncryptCookies.php(59): Illuminate\Routing\Pipeline->Illuminate\Routing\{closure}(Object(Illuminate\Http\Request))
#60 /Users/macbook/Documents/Learn/Socialite v3.1 - Laravel Social Network Script/Socialite v3.1 - Laravel Social Network Script/socialite3.1/vendor/laravel/framework/src/Illuminate/Pipeline/Pipeline.php(148): Illuminate\Cookie\Middleware\EncryptCookies->handle(Object(Illuminate\Http\Request), Object(Closure))
#61 /Users/macbook/Documents/Learn/Socialite v3.1 - Laravel Social Network Script/Socialite v3.1 - Laravel Social Network Script/socialite3.1/vendor/laravel/framework/src/Illuminate/Routing/Pipeline.php(53): Illuminate\Pipeline\Pipeline->Illuminate\Pipeline\{closure}(Object(Illuminate\Http\Request))
#62 /Users/macbook/Documents/Learn/Socialite v3.1 - Laravel Social Network Script/Socialite v3.1 - Laravel Social Network Script/socialite3.1/vendor/laravel/framework/src/Illuminate/Pipeline/Pipeline.php(102): Illuminate\Routing\Pipeline->Illuminate\Routing\{closure}(Object(Illuminate\Http\Request))
#63 /Users/macbook/Documents/Learn/Socialite v3.1 - Laravel Social Network Script/Socialite v3.1 - Laravel Social Network Script/socialite3.1/vendor/laravel/framework/src/Illuminate/Routing/Router.php(576): Illuminate\Pipeline\Pipeline->then(Object(Closure))
#64 /Users/macbook/Documents/Learn/Socialite v3.1 - Laravel Social Network Script/Socialite v3.1 - Laravel Social Network Script/socialite3.1/vendor/laravel/framework/src/Illuminate/Routing/Router.php(535): Illuminate\Routing\Router->runRouteWithinStack(Object(Illuminate\Routing\Route), Object(Illuminate\Http\Request))
#65 /Users/macbook/Documents/Learn/Socialite v3.1 - Laravel Social Network Script/Socialite v3.1 - Laravel Social Network Script/socialite3.1/vendor/laravel/framework/src/Illuminate/Routing/Router.php(513): Illuminate\Routing\Router->dispatchToRoute(Object(Illuminate\Http\Request))
#66 /Users/macbook/Documents/Learn/Socialite v3.1 - Laravel Social Network Script/Socialite v3.1 - Laravel Social Network Script/socialite3.1/vendor/laravel/framework/src/Illuminate/Foundation/Http/Kernel.php(176): Illuminate\Routing\Router->dispatch(Object(Illuminate\Http\Request))
#67 /Users/macbook/Documents/Learn/Socialite v3.1 - Laravel Social Network Script/Socialite v3.1 - Laravel Social Network Script/socialite3.1/vendor/laravel/framework/src/Illuminate/Routing/Pipeline.php(30): Illuminate\Foundation\Http\Kernel->Illuminate\Foundation\Http\{closure}(Object(Illuminate\Http\Request))
#68 /Users/macbook/Documents/Learn/Socialite v3.1 - Laravel Social Network Script/Socialite v3.1 - Laravel Social Network Script/socialite3.1/vendor/laravel/framework/src/Illuminate/Foundation/Http/Middleware/CheckForMaintenanceMode.php(46): Illuminate\Routing\Pipeline->Illuminate\Routing\{closure}(Object(Illuminate\Http\Request))
#69 /Users/macbook/Documents/Learn/Socialite v3.1 - Laravel Social Network Script/Socialite v3.1 - Laravel Social Network Script/socialite3.1/vendor/laravel/framework/src/Illuminate/Pipeline/Pipeline.php(148): Illuminate\Foundation\Http\Middleware\CheckForMaintenanceMode->handle(Object(Illuminate\Http\Request), Object(Closure))
#70 /Users/macbook/Documents/Learn/Socialite v3.1 - Laravel Social Network Script/Socialite v3.1 - Laravel Social Network Script/socialite3.1/vendor/laravel/framework/src/Illuminate/Routing/Pipeline.php(53): Illuminate\Pipeline\Pipeline->Illuminate\Pipeline\{closure}(Object(Illuminate\Http\Request))
#71 /Users/macbook/Documents/Learn/Socialite v3.1 - Laravel Social Network Script/Socialite v3.1 - Laravel Social Network Script/socialite3.1/vendor/laravel/framework/src/Illuminate/Pipeline/Pipeline.php(102): Illuminate\Routing\Pipeline->Illuminate\Routing\{closure}(Object(Illuminate\Http\Request))
#72 /Users/macbook/Documents/Learn/Socialite v3.1 - Laravel Social Network Script/Socialite v3.1 - Laravel Social Network Script/socialite3.1/vendor/laravel/framework/src/Illuminate/Foundation/Http/Kernel.php(151): Illuminate\Pipeline\Pipeline->then(Object(Closure))
#73 /Users/macbook/Documents/Learn/Socialite v3.1 - Laravel Social Network Script/Socialite v3.1 - Laravel Social Network Script/socialite3.1/vendor/laravel/framework/src/Illuminate/Foundation/Http/Kernel.php(116): Illuminate\Foundation\Http\Kernel->sendRequestThroughRouter(Object(Illuminate\Http\Request))
#74 /Users/macbook/Documents/Learn/Socialite v3.1 - Laravel Social Network Script/Socialite v3.1 - Laravel Social Network Script/socialite3.1/public/index.php(52): Illuminate\Foundation\Http\Kernel->handle(Object(Illuminate\Http\Request))
#75 /Users/macbook/Documents/Learn/Socialite v3.1 - Laravel Social Network Script/Socialite v3.1 - Laravel Social Network Script/socialite3.1/server.php(19): require_once('/Users/macbook/...')
#76 {main}

Next Doctrine\DBAL\Driver\PDOException: SQLSTATE[42S02]: Base table or view not found: 1146 Table 'socialite3.static_pages' doesn't exist in /Users/macbook/Documents/Learn/Socialite v3.1 - Laravel Social Network Script/Socialite v3.1 - Laravel Social Network Script/socialite3.1/vendor/doctrine/dbal/lib/Doctrine/DBAL/Driver/PDOConnection.php:79
Stack trace:
#0 /Users/macbook/Documents/Learn/Socialite v3.1 - Laravel Social Network Script/Socialite v3.1 - Laravel Social Network Script/socialite3.1/vendor/laravel/framework/src/Illuminate/Database/Connection.php(319): Doctrine\DBAL\Driver\PDOConnection->prepare('select * from `...')
#1 /Users/macbook/Documents/Learn/Socialite v3.1 - Laravel Social Network Script/Socialite v3.1 - Laravel Social Network Script/socialite3.1/vendor/laravel/framework/src/Illuminate/Database/Connection.php(640): Illuminate\Database\Connection->Illuminate\Database\{closure}('select * from `...', Array)
#2 /Users/macbook/Documents/Learn/Socialite v3.1 - Laravel Social Network Script/Socialite v3.1 - Laravel Social Network Script/socialite3.1/vendor/laravel/framework/src/Illuminate/Database/Connection.php(607): Illuminate\Database\Connection->runQueryCallback('select * from `...', Array, Object(Closure))
#3 /Users/macbook/Documents/Learn/Socialite v3.1 - Laravel Social Network Script/Socialite v3.1 - Laravel Social Network Script/socialite3.1/vendor/laravel/framework/src/Illuminate/Database/Connection.php(326): Illuminate\Database\Connection->run('select * from `...', Array, Object(Closure))
#4 /Users/macbook/Documents/Learn/Socialite v3.1 - Laravel Social Network Script/Socialite v3.1 - Laravel Social Network Script/socialite3.1/vendor/laravel/framework/src/Illuminate/Database/Query/Builder.php(1710): Illuminate\Database\Connection->select('select * from `...', Array, true)
#5 /Users/macbook/Documents/Learn/Socialite v3.1 - Laravel Social Network Script/Socialite v3.1 - Laravel Social Network Script/socialite3.1/vendor/laravel/framework/src/Illuminate/Database/Query/Builder.php(1695): Illuminate\Database\Query\Builder->runSelect()
#6 /Users/macbook/Documents/Learn/Socialite v3.1 - Laravel Social Network Script/Socialite v3.1 - Laravel Social Network Script/socialite3.1/vendor/laravel/framework/src/Illuminate/Database/Eloquent/Builder.php(462): Illuminate\Database\Query\Builder->get(Array)
#7 /Users/macbook/Documents/Learn/Socialite v3.1 - Laravel Social Network Script/Socialite v3.1 - Laravel Social Network Script/socialite3.1/vendor/laravel/framework/src/Illuminate/Database/Eloquent/Builder.php(446): Illuminate\Database\Eloquent\Builder->getModels(Array)
#8 /Users/macbook/Documents/Learn/Socialite v3.1 - Laravel Social Network Script/Socialite v3.1 - Laravel Social Network Script/socialite3.1/app/StaticPage.php(45): Illuminate\Database\Eloquent\Builder->get()
#9 /Users/macbook/Documents/Learn/Socialite v3.1 - Laravel Social Network Script/Socialite v3.1 - Laravel Social Network Script/socialite3.1/vendor/laravel/framework/src/Illuminate/Database/Eloquent/Builder.php(934): App\StaticPage->scopeActive(Object(Illuminate\Database\Eloquent\Builder))
#10 /Users/macbook/Documents/Learn/Socialite v3.1 - Laravel Social Network Script/Socialite v3.1 - Laravel Social Network Script/socialite3.1/vendor/laravel/framework/src/Illuminate/Database/Eloquent/Builder.php(1247): Illuminate\Database\Eloquent\Builder->callScope(Array, Array)
#11 /Users/macbook/Documents/Learn/Socialite v3.1 - Laravel Social Network Script/Socialite v3.1 - Laravel Social Network Script/socialite3.1/vendor/laravel/framework/src/Illuminate/Database/Eloquent/Model.php(1357): Illuminate\Database\Eloquent\Builder->__call('active', Array)
#12 /Users/macbook/Documents/Learn/Socialite v3.1 - Laravel Social Network Script/Socialite v3.1 - Laravel Social Network Script/socialite3.1/vendor/laravel/framework/src/Illuminate/Database/Eloquent/Model.php(1369): Illuminate\Database\Eloquent\Model->__call('active', Array)
#13 /Users/macbook/Documents/Learn/Socialite v3.1 - Laravel Social Network Script/Socialite v3.1 - Laravel Social Network Script/socialite3.1/storage/framework/views/d0572d362eac99626a87421385701223bac1f7f9.php(19): Illuminate\Database\Eloquent\Model::__callStatic('active', Array)
#14 /Users/macbook/Documents/Learn/Socialite v3.1 - Laravel Social Network Script/Socialite v3.1 - Laravel Social Network Script/socialite3.1/vendor/laravel/framework/src/Illuminate/View/Engines/PhpEngine.php(42): include('/Users/macbook/...')
#15 /Users/macbook/Documents/Learn/Socialite v3.1 - Laravel Social Network Script/Socialite v3.1 - Laravel Social Network Script/socialite3.1/vendor/laravel/framework/src/Illuminate/View/Engines/CompilerEngine.php(59): Illuminate\View\Engines\PhpEngine->evaluatePath('/Users/macbook/...', Array)
#16 /Users/macbook/Documents/Learn/Socialite v3.1 - Laravel Social Network Script/Socialite v3.1 - Laravel Social Network Script/socialite3.1/vendor/laravel/framework/src/Illuminate/View/View.php(137): Illuminate\View\Engines\CompilerEngine->get('/Users/macbook/...', Array)
#17 /Users/macbook/Documents/Learn/Socialite v3.1 - Laravel Social Network Script/Socialite v3.1 - Laravel Social Network Script/socialite3.1/vendor/laravel/framework/src/Illuminate/View/View.php(120): Illuminate\View\View->getContents()
#18 /Users/macbook/Documents/Learn/Socialite v3.1 - Laravel Social Network Script/Socialite v3.1 - Laravel Social Network Script/socialite3.1/vendor/laravel/framework/src/Illuminate/View/View.php(85): Illuminate\View\View->renderContents()
#19 /Users/macbook/Documents/Learn/Socialite v3.1 - Laravel Social Network Script/Socialite v3.1 - Laravel Social Network Script/socialite3.1/vendor/teepluss/theme/src/Theme.php(638): Illuminate\View\View->render()
#20 /Users/macbook/Documents/Learn/Socialite v3.1 - Laravel Social Network Script/Socialite v3.1 - Laravel Social Network Script/socialite3.1/vendor/teepluss/theme/src/Theme.php(603): Teepluss\Theme\Theme->loadPartial('footer', 'theme.default::...', Array)
#21 /Users/macbook/Documents/Learn/Socialite v3.1 - Laravel Social Network Script/Socialite v3.1 - Laravel Social Network Script/socialite3.1/vendor/laravel/framework/src/Illuminate/Support/Facades/Facade.php(221): Teepluss\Theme\Theme->partial('footer')
#22 /Users/macbook/Documents/Learn/Socialite v3.1 - Laravel Social Network Script/Socialite v3.1 - Laravel Social Network Script/socialite3.1/storage/framework/views/a7aea7ad6cd1d330a9cee3feb4fa46fbe4c6c089.php(53): Illuminate\Support\Facades\Facade::__callStatic('partial', Array)
#23 /Users/macbook/Documents/Learn/Socialite v3.1 - Laravel Social Network Script/Socialite v3.1 - Laravel Social Network Script/socialite3.1/vendor/laravel/framework/src/Illuminate/View/Engines/PhpEngine.php(42): include('/Users/macbook/...')
#24 /Users/macbook/Documents/Learn/Socialite v3.1 - Laravel Social Network Script/Socialite v3.1 - Laravel Social Network Script/socialite3.1/vendor/laravel/framework/src/Illuminate/View/Engines/CompilerEngine.php(59): Illuminate\View\Engines\PhpEngine->evaluatePath('/Users/macbook/...', Array)
#25 /Users/macbook/Documents/Learn/Socialite v3.1 - Laravel Social Network Script/Socialite v3.1 - Laravel Social Network Script/socialite3.1/vendor/laravel/framework/src/Illuminate/View/View.php(137): Illuminate\View\Engines\CompilerEngine->get('/Users/macbook/...', Array)
#26 /Users/macbook/Documents/Learn/Socialite v3.1 - Laravel Social Network Script/Socialite v3.1 - Laravel Social Network Script/socialite3.1/vendor/laravel/framework/src/Illuminate/View/View.php(120): Illuminate\View\View->getContents()
#27 /Users/macbook/Documents/Learn/Socialite v3.1 - Laravel Social Network Script/Socialite v3.1 - Laravel Social Network Script/socialite3.1/vendor/laravel/framework/src/Illuminate/View/View.php(85): Illuminate\View\View->renderContents()
#28 /Users/macbook/Documents/Learn/Socialite v3.1 - Laravel Social Network Script/Socialite v3.1 - Laravel Social Network Script/socialite3.1/vendor/teepluss/theme/src/Theme.php(1151): Illuminate\View\View->render()
#29 /Users/macbook/Documents/Learn/Socialite v3.1 - Laravel Social Network Script/Socialite v3.1 - Laravel Social Network Script/socialite3.1/app/Http/Controllers/Auth/LoginController.php(53): Teepluss\Theme\Theme->render()
#30 [internal function]: App\Http\Controllers\Auth\LoginController->getLogin()
#31 /Users/macbook/Documents/Learn/Socialite v3.1 - Laravel Social Network Script/Socialite v3.1 - Laravel Social Network Script/socialite3.1/vendor/laravel/framework/src/Illuminate/Routing/Controller.php(55): call_user_func_array(Array, Array)
#32 /Users/macbook/Documents/Learn/Socialite v3.1 - Laravel Social Network Script/Socialite v3.1 - Laravel Social Network Script/socialite3.1/vendor/laravel/framework/src/Illuminate/Routing/ControllerDispatcher.php(44): Illuminate\Routing\Controller->callAction('getLogin', Array)
#33 /Users/macbook/Documents/Learn/Socialite v3.1 - Laravel Social Network Script/Socialite v3.1 - Laravel Social Network Script/socialite3.1/vendor/laravel/framework/src/Illuminate/Routing/Route.php(203): Illuminate\Routing\ControllerDispatcher->dispatch(Object(Illuminate\Routing\Route), Object(App\Http\Controllers\Auth\LoginController), 'getLogin')
#34 /Users/macbook/Documents/Learn/Socialite v3.1 - Laravel Social Network Script/Socialite v3.1 - Laravel Social Network Script/socialite3.1/vendor/laravel/framework/src/Illuminate/Routing/Route.php(160): Illuminate\Routing\Route->runController()
#35 /Users/macbook/Documents/Learn/Socialite v3.1 - Laravel Social Network Script/Socialite v3.1 - Laravel Social Network Script/socialite3.1/vendor/laravel/framework/src/Illuminate/Routing/Router.php(574): Illuminate\Routing\Route->run()
#36 /Users/macbook/Documents/Learn/Socialite v3.1 - Laravel Social Network Script/Socialite v3.1 - Laravel Social Network Script/socialite3.1/vendor/laravel/framework/src/Illuminate/Routing/Pipeline.php(30): Illuminate\Routing\Router->Illuminate\Routing\{closure}(Object(Illuminate\Http\Request))
#37 /Users/macbook/Documents/Learn/Socialite v3.1 - Laravel Social Network Script/Socialite v3.1 - Laravel Social Network Script/socialite3.1/app/Http/Middleware/RedirectIfAuthenticated.php(25): Illuminate\Routing\Pipeline->Illuminate\Routing\{closure}(Object(Illuminate\Http\Request))
#38 /Users/macbook/Documents/Learn/Socialite v3.1 - Laravel Social Network Script/Socialite v3.1 - Laravel Social Network Script/socialite3.1/vendor/laravel/framework/src/Illuminate/Pipeline/Pipeline.php(148): App\Http\Middleware\RedirectIfAuthenticated->handle(Object(Illuminate\Http\Request), Object(Closure))
#39 /Users/macbook/Documents/Learn/Socialite v3.1 - Laravel Social Network Script/Socialite v3.1 - Laravel Social Network Script/socialite3.1/vendor/laravel/framework/src/Illuminate/Routing/Pipeline.php(53): Illuminate\Pipeline\Pipeline->Illuminate\Pipeline\{closure}(Object(Illuminate\Http\Request))
#40 /Users/macbook/Documents/Learn/Socialite v3.1 - Laravel Social Network Script/Socialite v3.1 - Laravel Social Network Script/socialite3.1/vendor/laravel/framework/src/Illuminate/Foundation/Http/Middleware/VerifyCsrfToken.php(65): Illuminate\Routing\Pipeline->Illuminate\Routing\{closure}(Object(Illuminate\Http\Request))
#41 /Users/macbook/Documents/Learn/Socialite v3.1 - Laravel Social Network Script/Socialite v3.1 - Laravel Social Network Script/socialite3.1/vendor/laravel/framework/src/Illuminate/Pipeline/Pipeline.php(148): Illuminate\Foundation\Http\Middleware\VerifyCsrfToken->handle(Object(Illuminate\Http\Request), Object(Closure))
#42 /Users/macbook/Documents/Learn/Socialite v3.1 - Laravel Social Network Script/Socialite v3.1 - Laravel Social Network Script/socialite3.1/vendor/laravel/framework/src/Illuminate/Routing/Pipeline.php(53): Illuminate\Pipeline\Pipeline->Illuminate\Pipeline\{closure}(Object(Illuminate\Http\Request))
#43 /Users/macbook/Documents/Learn/Socialite v3.1 - Laravel Social Network Script/Socialite v3.1 - Laravel Social Network Script/socialite3.1/vendor/laravel/framework/src/Illuminate/Routing/Middleware/SubstituteBindings.php(41): Illuminate\Routing\Pipeline->Illuminate\Routing\{closure}(Object(Illuminate\Http\Request))
#44 /Users/macbook/Documents/Learn/Socialite v3.1 - Laravel Social Network Script/Socialite v3.1 - Laravel Social Network Script/socialite3.1/vendor/laravel/framework/src/Illuminate/Pipeline/Pipeline.php(148): Illuminate\Routing\Middleware\SubstituteBindings->handle(Object(Illuminate\Http\Request), Object(Closure))
#45 /Users/macbook/Documents/Learn/Socialite v3.1 - Laravel Social Network Script/Socialite v3.1 - Laravel Social Network Script/socialite3.1/vendor/laravel/framework/src/Illuminate/Routing/Pipeline.php(53): Illuminate\Pipeline\Pipeline->Illuminate\Pipeline\{closure}(Object(Illuminate\Http\Request))
#46 /Users/macbook/Documents/Learn/Socialite v3.1 - Laravel Social Network Script/Socialite v3.1 - Laravel Social Network Script/socialite3.1/vendor/laravel/framework/src/Illuminate/View/Middleware/ShareErrorsFromSession.php(49): Illuminate\Routing\Pipeline->Illuminate\Routing\{closure}(Object(Illuminate\Http\Request))
#47 /Users/macbook/Documents/Learn/Socialite v3.1 - Laravel Social Network Script/Socialite v3.1 - Laravel Social Network Script/socialite3.1/vendor/laravel/framework/src/Illuminate/Pipeline/Pipeline.php(148): Illuminate\View\Middleware\ShareErrorsFromSession->handle(Object(Illuminate\Http\Request), Object(Closure))
#48 /Users/macbook/Documents/Learn/Socialite v3.1 - Laravel Social Network Script/Socialite v3.1 - Laravel Social Network Script/socialite3.1/vendor/laravel/framework/src/Illuminate/Routing/Pipeline.php(53): Illuminate\Pipeline\Pipeline->Illuminate\Pipeline\{closure}(Object(Illuminate\Http\Request))
#49 /Users/macbook/Documents/Learn/Socialite v3.1 - Laravel Social Network Script/Socialite v3.1 - Laravel Social Network Script/socialite3.1/app/Http/Middleware/Language.php(42): Illuminate\Routing\Pipeline->Illuminate\Routing\{closure}(Object(Illuminate\Http\Request))
#50 /Users/macbook/Documents/Learn/Socialite v3.1 - Laravel Social Network Script/Socialite v3.1 - Laravel Social Network Script/socialite3.1/vendor/laravel/framework/src/Illuminate/Pipeline/Pipeline.php(148): App\Http\Middleware\Language->handle(Object(Illuminate\Http\Request), Object(Closure))
#51 /Users/macbook/Documents/Learn/Socialite v3.1 - Laravel Social Network Script/Socialite v3.1 - Laravel Social Network Script/socialite3.1/vendor/laravel/framework/src/Illuminate/Routing/Pipeline.php(53): Illuminate\Pipeline\Pipeline->Illuminate\Pipeline\{closure}(Object(Illuminate\Http\Request))
#52 /Users/macbook/Documents/Learn/Socialite v3.1 - Laravel Social Network Script/Socialite v3.1 - Laravel Social Network Script/socialite3.1/vendor/laravel/framework/src/Illuminate/Session/Middleware/StartSession.php(64): Illuminate\Routing\Pipeline->Illuminate\Routing\{closure}(Object(Illuminate\Http\Request))
#53 /Users/macbook/Documents/Learn/Socialite v3.1 - Laravel Social Network Script/Socialite v3.1 - Laravel Social Network Script/socialite3.1/vendor/laravel/framework/src/Illuminate/Pipeline/Pipeline.php(148): Illuminate\Session\Middleware\StartSession->handle(Object(Illuminate\Http\Request), Object(Closure))
#54 /Users/macbook/Documents/Learn/Socialite v3.1 - Laravel Social Network Script/Socialite v3.1 - Laravel Social Network Script/socialite3.1/vendor/laravel/framework/src/Illuminate/Routing/Pipeline.php(53): Illuminate\Pipeline\Pipeline->Illuminate\Pipeline\{closure}(Object(Illuminate\Http\Request))
#55 /Users/macbook/Documents/Learn/Socialite v3.1 - Laravel Social Network Script/Socialite v3.1 - Laravel Social Network Script/socialite3.1/vendor/laravel/framework/src/Illuminate/Cookie/Middleware/AddQueuedCookiesToResponse.php(37): Illuminate\Routing\Pipeline->Illuminate\Routing\{closure}(Object(Illuminate\Http\Request))
#56 /Users/macbook/Documents/Learn/Socialite v3.1 - Laravel Social Network Script/Socialite v3.1 - Laravel Social Network Script/socialite3.1/vendor/laravel/framework/src/Illuminate/Pipeline/Pipeline.php(148): Illuminate\Cookie\Middleware\AddQueuedCookiesToResponse->handle(Object(Illuminate\Http\Request), Object(Closure))
#57 /Users/macbook/Documents/Learn/Socialite v3.1 - Laravel Social Network Script/Socialite v3.1 - Laravel Social Network Script/socialite3.1/vendor/laravel/framework/src/Illuminate/Routing/Pipeline.php(53): Illuminate\Pipeline\Pipeline->Illuminate\Pipeline\{closure}(Object(Illuminate\Http\Request))
#58 /Users/macbook/Documents/Learn/Socialite v3.1 - Laravel Social Network Script/Socialite v3.1 - Laravel Social Network Script/socialite3.1/vendor/laravel/framework/src/Illuminate/Cookie/Middleware/EncryptCookies.php(59): Illuminate\Routing\Pipeline->Illuminate\Routing\{closure}(Object(Illuminate\Http\Request))
#59 /Users/macbook/Documents/Learn/Socialite v3.1 - Laravel Social Network Script/Socialite v3.1 - Laravel Social Network Script/socialite3.1/vendor/laravel/framework/src/Illuminate/Pipeline/Pipeline.php(148): Illuminate\Cookie\Middleware\EncryptCookies->handle(Object(Illuminate\Http\Request), Object(Closure))
#60 /Users/macbook/Documents/Learn/Socialite v3.1 - Laravel Social Network Script/Socialite v3.1 - Laravel Social Network Script/socialite3.1/vendor/laravel/framework/src/Illuminate/Routing/Pipeline.php(53): Illuminate\Pipeline\Pipeline->Illuminate\Pipeline\{closure}(Object(Illuminate\Http\Request))
#61 /Users/macbook/Documents/Learn/Socialite v3.1 - Laravel Social Network Script/Socialite v3.1 - Laravel Social Network Script/socialite3.1/vendor/laravel/framework/src/Illuminate/Pipeline/Pipeline.php(102): Illuminate\Routing\Pipeline->Illuminate\Routing\{closure}(Object(Illuminate\Http\Request))
#62 /Users/macbook/Documents/Learn/Socialite v3.1 - Laravel Social Network Script/Socialite v3.1 - Laravel Social Network Script/socialite3.1/vendor/laravel/framework/src/Illuminate/Routing/Router.php(576): Illuminate\Pipeline\Pipeline->then(Object(Closure))
#63 /Users/macbook/Documents/Learn/Socialite v3.1 - Laravel Social Network Script/Socialite v3.1 - Laravel Social Network Script/socialite3.1/vendor/laravel/framework/src/Illuminate/Routing/Router.php(535): Illuminate\Routing\Router->runRouteWithinStack(Object(Illuminate\Routing\Route), Object(Illuminate\Http\Request))
#64 /Users/macbook/Documents/Learn/Socialite v3.1 - Laravel Social Network Script/Socialite v3.1 - Laravel Social Network Script/socialite3.1/vendor/laravel/framework/src/Illuminate/Routing/Router.php(513): Illuminate\Routing\Router->dispatchToRoute(Object(Illuminate\Http\Request))
#65 /Users/macbook/Documents/Learn/Socialite v3.1 - Laravel Social Network Script/Socialite v3.1 - Laravel Social Network Script/socialite3.1/vendor/laravel/framework/src/Illuminate/Foundation/Http/Kernel.php(176): Illuminate\Routing\Router->dispatch(Object(Illuminate\Http\Request))
#66 /Users/macbook/Documents/Learn/Socialite v3.1 - Laravel Social Network Script/Socialite v3.1 - Laravel Social Network Script/socialite3.1/vendor/laravel/framework/src/Illuminate/Routing/Pipeline.php(30): Illuminate\Foundation\Http\Kernel->Illuminate\Foundation\Http\{closure}(Object(Illuminate\Http\Request))
#67 /Users/macbook/Documents/Learn/Socialite v3.1 - Laravel Social Network Script/Socialite v3.1 - Laravel Social Network Script/socialite3.1/vendor/laravel/framework/src/Illuminate/Foundation/Http/Middleware/CheckForMaintenanceMode.php(46): Illuminate\Routing\Pipeline->Illuminate\Routing\{closure}(Object(Illuminate\Http\Request))
#68 /Users/macbook/Documents/Learn/Socialite v3.1 - Laravel Social Network Script/Socialite v3.1 - Laravel Social Network Script/socialite3.1/vendor/laravel/framework/src/Illuminate/Pipeline/Pipeline.php(148): Illuminate\Foundation\Http\Middleware\CheckForMaintenanceMode->handle(Object(Illuminate\Http\Request), Object(Closure))
#69 /Users/macbook/Documents/Learn/Socialite v3.1 - Laravel Social Network Script/Socialite v3.1 - Laravel Social Network Script/socialite3.1/vendor/laravel/framework/src/Illuminate/Routing/Pipeline.php(53): Illuminate\Pipeline\Pipeline->Illuminate\Pipeline\{closure}(Object(Illuminate\Http\Request))
#70 /Users/macbook/Documents/Learn/Socialite v3.1 - Laravel Social Network Script/Socialite v3.1 - Laravel Social Network Script/socialite3.1/vendor/laravel/framework/src/Illuminate/Pipeline/Pipeline.php(102): Illuminate\Routing\Pipeline->Illuminate\Routing\{closure}(Object(Illuminate\Http\Request))
#71 /Users/macbook/Documents/Learn/Socialite v3.1 - Laravel Social Network Script/Socialite v3.1 - Laravel Social Network Script/socialite3.1/vendor/laravel/framework/src/Illuminate/Foundation/Http/Kernel.php(151): Illuminate\Pipeline\Pipeline->then(Object(Closure))
#72 /Users/macbook/Documents/Learn/Socialite v3.1 - Laravel Social Network Script/Socialite v3.1 - Laravel Social Network Script/socialite3.1/vendor/laravel/framework/src/Illuminate/Foundation/Http/Kernel.php(116): Illuminate\Foundation\Http\Kernel->sendRequestThroughRouter(Object(Illuminate\Http\Request))
#73 /Users/macbook/Documents/Learn/Socialite v3.1 - Laravel Social Network Script/Socialite v3.1 - Laravel Social Network Script/socialite3.1/public/index.php(52): Illuminate\Foundation\Http\Kernel->handle(Object(Illuminate\Http\Request))
#74 /Users/macbook/Documents/Learn/Socialite v3.1 - Laravel Social Network Script/Socialite v3.1 - Laravel Social Network Script/socialite3.1/server.php(19): require_once('/Users/macbook/...')
#75 {main}

Next Illuminate\Database\QueryException: SQLSTATE[42S02]: Base table or view not found: 1146 Table 'socialite3.static_pages' doesn't exist (SQL: select * from `static_pages` where `active` = 1) in /Users/macbook/Documents/Learn/Socialite v3.1 - Laravel Social Network Script/Socialite v3.1 - Laravel Social Network Script/socialite3.1/vendor/laravel/framework/src/Illuminate/Database/Connection.php:647
Stack trace:
#0 /Users/macbook/Documents/Learn/Socialite v3.1 - Laravel Social Network Script/Socialite v3.1 - Laravel Social Network Script/socialite3.1/vendor/laravel/framework/src/Illuminate/Database/Connection.php(607): Illuminate\Database\Connection->runQueryCallback('select * from `...', Array, Object(Closure))
#1 /Users/macbook/Documents/Learn/Socialite v3.1 - Laravel Social Network Script/Socialite v3.1 - Laravel Social Network Script/socialite3.1/vendor/laravel/framework/src/Illuminate/Database/Connection.php(326): Illuminate\Database\Connection->run('select * from `...', Array, Object(Closure))
#2 /Users/macbook/Documents/Learn/Socialite v3.1 - Laravel Social Network Script/Socialite v3.1 - Laravel Social Network Script/socialite3.1/vendor/laravel/framework/src/Illuminate/Database/Query/Builder.php(1710): Illuminate\Database\Connection->select('select * from `...', Array, true)
#3 /Users/macbook/Documents/Learn/Socialite v3.1 - Laravel Social Network Script/Socialite v3.1 - Laravel Social Network Script/socialite3.1/vendor/laravel/framework/src/Illuminate/Database/Query/Builder.php(1695): Illuminate\Database\Query\Builder->runSelect()
#4 /Users/macbook/Documents/Learn/Socialite v3.1 - Laravel Social Network Script/Socialite v3.1 - Laravel Social Network Script/socialite3.1/vendor/laravel/framework/src/Illuminate/Database/Eloquent/Builder.php(462): Illuminate\Database\Query\Builder->get(Array)
#5 /Users/macbook/Documents/Learn/Socialite v3.1 - Laravel Social Network Script/Socialite v3.1 - Laravel Social Network Script/socialite3.1/vendor/laravel/framework/src/Illuminate/Database/Eloquent/Builder.php(446): Illuminate\Database\Eloquent\Builder->getModels(Array)
#6 /Users/macbook/Documents/Learn/Socialite v3.1 - Laravel Social Network Script/Socialite v3.1 - Laravel Social Network Script/socialite3.1/app/StaticPage.php(45): Illuminate\Database\Eloquent\Builder->get()
#7 /Users/macbook/Documents/Learn/Socialite v3.1 - Laravel Social Network Script/Socialite v3.1 - Laravel Social Network Script/socialite3.1/vendor/laravel/framework/src/Illuminate/Database/Eloquent/Builder.php(934): App\StaticPage->scopeActive(Object(Illuminate\Database\Eloquent\Builder))
#8 /Users/macbook/Documents/Learn/Socialite v3.1 - Laravel Social Network Script/Socialite v3.1 - Laravel Social Network Script/socialite3.1/vendor/laravel/framework/src/Illuminate/Database/Eloquent/Builder.php(1247): Illuminate\Database\Eloquent\Builder->callScope(Array, Array)
#9 /Users/macbook/Documents/Learn/Socialite v3.1 - Laravel Social Network Script/Socialite v3.1 - Laravel Social Network Script/socialite3.1/vendor/laravel/framework/src/Illuminate/Database/Eloquent/Model.php(1357): Illuminate\Database\Eloquent\Builder->__call('active', Array)
#10 /Users/macbook/Documents/Learn/Socialite v3.1 - Laravel Social Network Script/Socialite v3.1 - Laravel Social Network Script/socialite3.1/vendor/laravel/framework/src/Illuminate/Database/Eloquent/Model.php(1369): Illuminate\Database\Eloquent\Model->__call('active', Array)
#11 /Users/macbook/Documents/Learn/Socialite v3.1 - Laravel Social Network Script/Socialite v3.1 - Laravel Social Network Script/socialite3.1/storage/framework/views/d0572d362eac99626a87421385701223bac1f7f9.php(19): Illuminate\Database\Eloquent\Model::__callStatic('active', Array)
#12 /Users/macbook/Documents/Learn/Socialite v3.1 - Laravel Social Network Script/Socialite v3.1 - Laravel Social Network Script/socialite3.1/vendor/laravel/framework/src/Illuminate/View/Engines/PhpEngine.php(42): include('/Users/macbook/...')
#13 /Users/macbook/Documents/Learn/Socialite v3.1 - Laravel Social Network Script/Socialite v3.1 - Laravel Social Network Script/socialite3.1/vendor/laravel/framework/src/Illuminate/View/Engines/CompilerEngine.php(59): Illuminate\View\Engines\PhpEngine->evaluatePath('/Users/macbook/...', Array)
#14 /Users/macbook/Documents/Learn/Socialite v3.1 - Laravel Social Network Script/Socialite v3.1 - Laravel Social Network Script/socialite3.1/vendor/laravel/framework/src/Illuminate/View/View.php(137): Illuminate\View\Engines\CompilerEngine->get('/Users/macbook/...', Array)
#15 /Users/macbook/Documents/Learn/Socialite v3.1 - Laravel Social Network Script/Socialite v3.1 - Laravel Social Network Script/socialite3.1/vendor/laravel/framework/src/Illuminate/View/View.php(120): Illuminate\View\View->getContents()
#16 /Users/macbook/Documents/Learn/Socialite v3.1 - Laravel Social Network Script/Socialite v3.1 - Laravel Social Network Script/socialite3.1/vendor/laravel/framework/src/Illuminate/View/View.php(85): Illuminate\View\View->renderContents()
#17 /Users/macbook/Documents/Learn/Socialite v3.1 - Laravel Social Network Script/Socialite v3.1 - Laravel Social Network Script/socialite3.1/vendor/teepluss/theme/src/Theme.php(638): Illuminate\View\View->render()
#18 /Users/macbook/Documents/Learn/Socialite v3.1 - Laravel Social Network Script/Socialite v3.1 - Laravel Social Network Script/socialite3.1/vendor/teepluss/theme/src/Theme.php(603): Teepluss\Theme\Theme->loadPartial('footer', 'theme.default::...', Array)
#19 /Users/macbook/Documents/Learn/Socialite v3.1 - Laravel Social Network Script/Socialite v3.1 - Laravel Social Network Script/socialite3.1/vendor/laravel/framework/src/Illuminate/Support/Facades/Facade.php(221): Teepluss\Theme\Theme->partial('footer')
#20 /Users/macbook/Documents/Learn/Socialite v3.1 - Laravel Social Network Script/Socialite v3.1 - Laravel Social Network Script/socialite3.1/storage/framework/views/a7aea7ad6cd1d330a9cee3feb4fa46fbe4c6c089.php(53): Illuminate\Support\Facades\Facade::__callStatic('partial', Array)
#21 /Users/macbook/Documents/Learn/Socialite v3.1 - Laravel Social Network Script/Socialite v3.1 - Laravel Social Network Script/socialite3.1/vendor/laravel/framework/src/Illuminate/View/Engines/PhpEngine.php(42): include('/Users/macbook/...')
#22 /Users/macbook/Documents/Learn/Socialite v3.1 - Laravel Social Network Script/Socialite v3.1 - Laravel Social Network Script/socialite3.1/vendor/laravel/framework/src/Illuminate/View/Engines/CompilerEngine.php(59): Illuminate\View\Engines\PhpEngine->evaluatePath('/Users/macbook/...', Array)
#23 /Users/macbook/Documents/Learn/Socialite v3.1 - Laravel Social Network Script/Socialite v3.1 - Laravel Social Network Script/socialite3.1/vendor/laravel/framework/src/Illuminate/View/View.php(137): Illuminate\View\Engines\CompilerEngine->get('/Users/macbook/...', Array)
#24 /Users/macbook/Documents/Learn/Socialite v3.1 - Laravel Social Network Script/Socialite v3.1 - Laravel Social Network Script/socialite3.1/vendor/laravel/framework/src/Illuminate/View/View.php(120): Illuminate\View\View->getContents()
#25 /Users/macbook/Documents/Learn/Socialite v3.1 - Laravel Social Network Script/Socialite v3.1 - Laravel Social Network Script/socialite3.1/vendor/laravel/framework/src/Illuminate/View/View.php(85): Illuminate\View\View->renderContents()
#26 /Users/macbook/Documents/Learn/Socialite v3.1 - Laravel Social Network Script/Socialite v3.1 - Laravel Social Network Script/socialite3.1/vendor/teepluss/theme/src/Theme.php(1151): Illuminate\View\View->render()
#27 /Users/macbook/Documents/Learn/Socialite v3.1 - Laravel Social Network Script/Socialite v3.1 - Laravel Social Network Script/socialite3.1/app/Http/Controllers/Auth/LoginController.php(53): Teepluss\Theme\Theme->render()
#28 [internal function]: App\Http\Controllers\Auth\LoginController->getLogin()
#29 /Users/macbook/Documents/Learn/Socialite v3.1 - Laravel Social Network Script/Socialite v3.1 - Laravel Social Network Script/socialite3.1/vendor/laravel/framework/src/Illuminate/Routing/Controller.php(55): call_user_func_array(Array, Array)
#30 /Users/macbook/Documents/Learn/Socialite v3.1 - Laravel Social Network Script/Socialite v3.1 - Laravel Social Network Script/socialite3.1/vendor/laravel/framework/src/Illuminate/Routing/ControllerDispatcher.php(44): Illuminate\Routing\Controller->callAction('getLogin', Array)
#31 /Users/macbook/Documents/Learn/Socialite v3.1 - Laravel Social Network Script/Socialite v3.1 - Laravel Social Network Script/socialite3.1/vendor/laravel/framework/src/Illuminate/Routing/Route.php(203): Illuminate\Routing\ControllerDispatcher->dispatch(Object(Illuminate\Routing\Route), Object(App\Http\Controllers\Auth\LoginController), 'getLogin')
#32 /Users/macbook/Documents/Learn/Socialite v3.1 - Laravel Social Network Script/Socialite v3.1 - Laravel Social Network Script/socialite3.1/vendor/laravel/framework/src/Illuminate/Routing/Route.php(160): Illuminate\Routing\Route->runController()
#33 /Users/macbook/Documents/Learn/Socialite v3.1 - Laravel Social Network Script/Socialite v3.1 - Laravel Social Network Script/socialite3.1/vendor/laravel/framework/src/Illuminate/Routing/Router.php(574): Illuminate\Routing\Route->run()
#34 /Users/macbook/Documents/Learn/Socialite v3.1 - Laravel Social Network Script/Socialite v3.1 - Laravel Social Network Script/socialite3.1/vendor/laravel/framework/src/Illuminate/Routing/Pipeline.php(30): Illuminate\Routing\Router->Illuminate\Routing\{closure}(Object(Illuminate\Http\Request))
#35 /Users/macbook/Documents/Learn/Socialite v3.1 - Laravel Social Network Script/Socialite v3.1 - Laravel Social Network Script/socialite3.1/app/Http/Middleware/RedirectIfAuthenticated.php(25): Illuminate\Routing\Pipeline->Illuminate\Routing\{closure}(Object(Illuminate\Http\Request))
#36 /Users/macbook/Documents/Learn/Socialite v3.1 - Laravel Social Network Script/Socialite v3.1 - Laravel Social Network Script/socialite3.1/vendor/laravel/framework/src/Illuminate/Pipeline/Pipeline.php(148): App\Http\Middleware\RedirectIfAuthenticated->handle(Object(Illuminate\Http\Request), Object(Closure))
#37 /Users/macbook/Documents/Learn/Socialite v3.1 - Laravel Social Network Script/Socialite v3.1 - Laravel Social Network Script/socialite3.1/vendor/laravel/framework/src/Illuminate/Routing/Pipeline.php(53): Illuminate\Pipeline\Pipeline->Illuminate\Pipeline\{closure}(Object(Illuminate\Http\Request))
#38 /Users/macbook/Documents/Learn/Socialite v3.1 - Laravel Social Network Script/Socialite v3.1 - Laravel Social Network Script/socialite3.1/vendor/laravel/framework/src/Illuminate/Foundation/Http/Middleware/VerifyCsrfToken.php(65): Illuminate\Routing\Pipeline->Illuminate\Routing\{closure}(Object(Illuminate\Http\Request))
#39 /Users/macbook/Documents/Learn/Socialite v3.1 - Laravel Social Network Script/Socialite v3.1 - Laravel Social Network Script/socialite3.1/vendor/laravel/framework/src/Illuminate/Pipeline/Pipeline.php(148): Illuminate\Foundation\Http\Middleware\VerifyCsrfToken->handle(Object(Illuminate\Http\Request), Object(Closure))
#40 /Users/macbook/Documents/Learn/Socialite v3.1 - Laravel Social Network Script/Socialite v3.1 - Laravel Social Network Script/socialite3.1/vendor/laravel/framework/src/Illuminate/Routing/Pipeline.php(53): Illuminate\Pipeline\Pipeline->Illuminate\Pipeline\{closure}(Object(Illuminate\Http\Request))
#41 /Users/macbook/Documents/Learn/Socialite v3.1 - Laravel Social Network Script/Socialite v3.1 - Laravel Social Network Script/socialite3.1/vendor/laravel/framework/src/Illuminate/Routing/Middleware/SubstituteBindings.php(41): Illuminate\Routing\Pipeline->Illuminate\Routing\{closure}(Object(Illuminate\Http\Request))
#42 /Users/macbook/Documents/Learn/Socialite v3.1 - Laravel Social Network Script/Socialite v3.1 - Laravel Social Network Script/socialite3.1/vendor/laravel/framework/src/Illuminate/Pipeline/Pipeline.php(148): Illuminate\Routing\Middleware\SubstituteBindings->handle(Object(Illuminate\Http\Request), Object(Closure))
#43 /Users/macbook/Documents/Learn/Socialite v3.1 - Laravel Social Network Script/Socialite v3.1 - Laravel Social Network Script/socialite3.1/vendor/laravel/framework/src/Illuminate/Routing/Pipeline.php(53): Illuminate\Pipeline\Pipeline->Illuminate\Pipeline\{closure}(Object(Illuminate\Http\Request))
#44 /Users/macbook/Documents/Learn/Socialite v3.1 - Laravel Social Network Script/Socialite v3.1 - Laravel Social Network Script/socialite3.1/vendor/laravel/framework/src/Illuminate/View/Middleware/ShareErrorsFromSession.php(49): Illuminate\Routing\Pipeline->Illuminate\Routing\{closure}(Object(Illuminate\Http\Request))
#45 /Users/macbook/Documents/Learn/Socialite v3.1 - Laravel Social Network Script/Socialite v3.1 - Laravel Social Network Script/socialite3.1/vendor/laravel/framework/src/Illuminate/Pipeline/Pipeline.php(148): Illuminate\View\Middleware\ShareErrorsFromSession->handle(Object(Illuminate\Http\Request), Object(Closure))
#46 /Users/macbook/Documents/Learn/Socialite v3.1 - Laravel Social Network Script/Socialite v3.1 - Laravel Social Network Script/socialite3.1/vendor/laravel/framework/src/Illuminate/Routing/Pipeline.php(53): Illuminate\Pipeline\Pipeline->Illuminate\Pipeline\{closure}(Object(Illuminate\Http\Request))
#47 /Users/macbook/Documents/Learn/Socialite v3.1 - Laravel Social Network Script/Socialite v3.1 - Laravel Social Network Script/socialite3.1/app/Http/Middleware/Language.php(42): Illuminate\Routing\Pipeline->Illuminate\Routing\{closure}(Object(Illuminate\Http\Request))
#48 /Users/macbook/Documents/Learn/Socialite v3.1 - Laravel Social Network Script/Socialite v3.1 - Laravel Social Network Script/socialite3.1/vendor/laravel/framework/src/Illuminate/Pipeline/Pipeline.php(148): App\Http\Middleware\Language->handle(Object(Illuminate\Http\Request), Object(Closure))
#49 /Users/macbook/Documents/Learn/Socialite v3.1 - Laravel Social Network Script/Socialite v3.1 - Laravel Social Network Script/socialite3.1/vendor/laravel/framework/src/Illuminate/Routing/Pipeline.php(53): Illuminate\Pipeline\Pipeline->Illuminate\Pipeline\{closure}(Object(Illuminate\Http\Request))
#50 /Users/macbook/Documents/Learn/Socialite v3.1 - Laravel Social Network Script/Socialite v3.1 - Laravel Social Network Script/socialite3.1/vendor/laravel/framework/src/Illuminate/Session/Middleware/StartSession.php(64): Illuminate\Routing\Pipeline->Illuminate\Routing\{closure}(Object(Illuminate\Http\Request))
#51 /Users/macbook/Documents/Learn/Socialite v3.1 - Laravel Social Network Script/Socialite v3.1 - Laravel Social Network Script/socialite3.1/vendor/laravel/framework/src/Illuminate/Pipeline/Pipeline.php(148): Illuminate\Session\Middleware\StartSession->handle(Object(Illuminate\Http\Request), Object(Closure))
#52 /Users/macbook/Documents/Learn/Socialite v3.1 - Laravel Social Network Script/Socialite v3.1 - Laravel Social Network Script/socialite3.1/vendor/laravel/framework/src/Illuminate/Routing/Pipeline.php(53): Illuminate\Pipeline\Pipeline->Illuminate\Pipeline\{closure}(Object(Illuminate\Http\Request))
#53 /Users/macbook/Documents/Learn/Socialite v3.1 - Laravel Social Network Script/Socialite v3.1 - Laravel Social Network Script/socialite3.1/vendor/laravel/framework/src/Illuminate/Cookie/Middleware/AddQueuedCookiesToResponse.php(37): Illuminate\Routing\Pipeline->Illuminate\Routing\{closure}(Object(Illuminate\Http\Request))
#54 /Users/macbook/Documents/Learn/Socialite v3.1 - Laravel Social Network Script/Socialite v3.1 - Laravel Social Network Script/socialite3.1/vendor/laravel/framework/src/Illuminate/Pipeline/Pipeline.php(148): Illuminate\Cookie\Middleware\AddQueuedCookiesToResponse->handle(Object(Illuminate\Http\Request), Object(Closure))
#55 /Users/macbook/Documents/Learn/Socialite v3.1 - Laravel Social Network Script/Socialite v3.1 - Laravel Social Network Script/socialite3.1/vendor/laravel/framework/src/Illuminate/Routing/Pipeline.php(53): Illuminate\Pipeline\Pipeline->Illuminate\Pipeline\{closure}(Object(Illuminate\Http\Request))
#56 /Users/macbook/Documents/Learn/Socialite v3.1 - Laravel Social Network Script/Socialite v3.1 - Laravel Social Network Script/socialite3.1/vendor/laravel/framework/src/Illuminate/Cookie/Middleware/EncryptCookies.php(59): Illuminate\Routing\Pipeline->Illuminate\Routing\{closure}(Object(Illuminate\Http\Request))
#57 /Users/macbook/Documents/Learn/Socialite v3.1 - Laravel Social Network Script/Socialite v3.1 - Laravel Social Network Script/socialite3.1/vendor/laravel/framework/src/Illuminate/Pipeline/Pipeline.php(148): Illuminate\Cookie\Middleware\EncryptCookies->handle(Object(Illuminate\Http\Request), Object(Closure))
#58 /Users/macbook/Documents/Learn/Socialite v3.1 - Laravel Social Network Script/Socialite v3.1 - Laravel Social Network Script/socialite3.1/vendor/laravel/framework/src/Illuminate/Routing/Pipeline.php(53): Illuminate\Pipeline\Pipeline->Illuminate\Pipeline\{closure}(Object(Illuminate\Http\Request))
#59 /Users/macbook/Documents/Learn/Socialite v3.1 - Laravel Social Network Script/Socialite v3.1 - Laravel Social Network Script/socialite3.1/vendor/laravel/framework/src/Illuminate/Pipeline/Pipeline.php(102): Illuminate\Routing\Pipeline->Illuminate\Routing\{closure}(Object(Illuminate\Http\Request))
#60 /Users/macbook/Documents/Learn/Socialite v3.1 - Laravel Social Network Script/Socialite v3.1 - Laravel Social Network Script/socialite3.1/vendor/laravel/framework/src/Illuminate/Routing/Router.php(576): Illuminate\Pipeline\Pipeline->then(Object(Closure))
#61 /Users/macbook/Documents/Learn/Socialite v3.1 - Laravel Social Network Script/Socialite v3.1 - Laravel Social Network Script/socialite3.1/vendor/laravel/framework/src/Illuminate/Routing/Router.php(535): Illuminate\Routing\Router->runRouteWithinStack(Object(Illuminate\Routing\Route), Object(Illuminate\Http\Request))
#62 /Users/macbook/Documents/Learn/Socialite v3.1 - Laravel Social Network Script/Socialite v3.1 - Laravel Social Network Script/socialite3.1/vendor/laravel/framework/src/Illuminate/Routing/Router.php(513): Illuminate\Routing\Router->dispatchToRoute(Object(Illuminate\Http\Request))
#63 /Users/macbook/Documents/Learn/Socialite v3.1 - Laravel Social Network Script/Socialite v3.1 - Laravel Social Network Script/socialite3.1/vendor/laravel/framework/src/Illuminate/Foundation/Http/Kernel.php(176): Illuminate\Routing\Router->dispatch(Object(Illuminate\Http\Request))
#64 /Users/macbook/Documents/Learn/Socialite v3.1 - Laravel Social Network Script/Socialite v3.1 - Laravel Social Network Script/socialite3.1/vendor/laravel/framework/src/Illuminate/Routing/Pipeline.php(30): Illuminate\Foundation\Http\Kernel->Illuminate\Foundation\Http\{closure}(Object(Illuminate\Http\Request))
#65 /Users/macbook/Documents/Learn/Socialite v3.1 - Laravel Social Network Script/Socialite v3.1 - Laravel Social Network Script/socialite3.1/vendor/laravel/framework/src/Illuminate/Foundation/Http/Middleware/CheckForMaintenanceMode.php(46): Illuminate\Routing\Pipeline->Illuminate\Routing\{closure}(Object(Illuminate\Http\Request))
#66 /Users/macbook/Documents/Learn/Socialite v3.1 - Laravel Social Network Script/Socialite v3.1 - Laravel Social Network Script/socialite3.1/vendor/laravel/framework/src/Illuminate/Pipeline/Pipeline.php(148): Illuminate\Foundation\Http\Middleware\CheckForMaintenanceMode->handle(Object(Illuminate\Http\Request), Object(Closure))
#67 /Users/macbook/Documents/Learn/Socialite v3.1 - Laravel Social Network Script/Socialite v3.1 - Laravel Social Network Script/socialite3.1/vendor/laravel/framework/src/Illuminate/Routing/Pipeline.php(53): Illuminate\Pipeline\Pipeline->Illuminate\Pipeline\{closure}(Object(Illuminate\Http\Request))
#68 /Users/macbook/Documents/Learn/Socialite v3.1 - Laravel Social Network Script/Socialite v3.1 - Laravel Social Network Script/socialite3.1/vendor/laravel/framework/src/Illuminate/Pipeline/Pipeline.php(102): Illuminate\Routing\Pipeline->Illuminate\Routing\{closure}(Object(Illuminate\Http\Request))
#69 /Users/macbook/Documents/Learn/Socialite v3.1 - Laravel Social Network Script/Socialite v3.1 - Laravel Social Network Script/socialite3.1/vendor/laravel/framework/src/Illuminate/Foundation/Http/Kernel.php(151): Illuminate\Pipeline\Pipeline->then(Object(Closure))
#70 /Users/macbook/Documents/Learn/Socialite v3.1 - Laravel Social Network Script/Socialite v3.1 - Laravel Social Network Script/socialite3.1/vendor/laravel/framework/src/Illuminate/Foundation/Http/Kernel.php(116): Illuminate\Foundation\Http\Kernel->sendRequestThroughRouter(Object(Illuminate\Http\Request))
#71 /Users/macbook/Documents/Learn/Socialite v3.1 - Laravel Social Network Script/Socialite v3.1 - Laravel Social Network Script/socialite3.1/public/index.php(52): Illuminate\Foundation\Http\Kernel->handle(Object(Illuminate\Http\Request))
#72 /Users/macbook/Documents/Learn/Socialite v3.1 - Laravel Social Network Script/Socialite v3.1 - Laravel Social Network Script/socialite3.1/server.php(19): require_once('/Users/macbook/...')
#73 {main}

Next ErrorException: SQLSTATE[42S02]: Base table or view not found: 1146 Table 'socialite3.static_pages' doesn't exist (SQL: select * from `static_pages` where `active` = 1) (View: /Users/macbook/Documents/Learn/Socialite v3.1 - Laravel Social Network Script/Socialite v3.1 - Laravel Social Network Script/socialite3.1/public/themes/default/partials/footer.blade.php) in /Users/macbook/Documents/Learn/Socialite v3.1 - Laravel Social Network Script/Socialite v3.1 - Laravel Social Network Script/socialite3.1/vendor/laravel/framework/src/Illuminate/Database/Connection.php:647
Stack trace:
#0 /Users/macbook/Documents/Learn/Socialite v3.1 - Laravel Social Network Script/Socialite v3.1 - Laravel Social Network Script/socialite3.1/vendor/laravel/framework/src/Illuminate/View/Engines/PhpEngine.php(44): Illuminate\View\Engines\CompilerEngine->handleViewException(Object(Illuminate\Database\QueryException), 2)
#1 /Users/macbook/Documents/Learn/Socialite v3.1 - Laravel Social Network Script/Socialite v3.1 - Laravel Social Network Script/socialite3.1/vendor/laravel/framework/src/Illuminate/View/Engines/CompilerEngine.php(59): Illuminate\View\Engines\PhpEngine->evaluatePath('/Users/macbook/...', Array)
#2 /Users/macbook/Documents/Learn/Socialite v3.1 - Laravel Social Network Script/Socialite v3.1 - Laravel Social Network Script/socialite3.1/vendor/laravel/framework/src/Illuminate/View/View.php(137): Illuminate\View\Engines\CompilerEngine->get('/Users/macbook/...', Array)
#3 /Users/macbook/Documents/Learn/Socialite v3.1 - Laravel Social Network Script/Socialite v3.1 - Laravel Social Network Script/socialite3.1/vendor/laravel/framework/src/Illuminate/View/View.php(120): Illuminate\View\View->getContents()
#4 /Users/macbook/Documents/Learn/Socialite v3.1 - Laravel Social Network Script/Socialite v3.1 - Laravel Social Network Script/socialite3.1/vendor/laravel/framework/src/Illuminate/View/View.php(85): Illuminate\View\View->renderContents()
#5 /Users/macbook/Documents/Learn/Socialite v3.1 - Laravel Social Network Script/Socialite v3.1 - Laravel Social Network Script/socialite3.1/vendor/teepluss/theme/src/Theme.php(638): Illuminate\View\View->render()
#6 /Users/macbook/Documents/Learn/Socialite v3.1 - Laravel Social Network Script/Socialite v3.1 - Laravel Social Network Script/socialite3.1/vendor/teepluss/theme/src/Theme.php(603): Teepluss\Theme\Theme->loadPartial('footer', 'theme.default::...', Array)
#7 /Users/macbook/Documents/Learn/Socialite v3.1 - Laravel Social Network Script/Socialite v3.1 - Laravel Social Network Script/socialite3.1/vendor/laravel/framework/src/Illuminate/Support/Facades/Facade.php(221): Teepluss\Theme\Theme->partial('footer')
#8 /Users/macbook/Documents/Learn/Socialite v3.1 - Laravel Social Network Script/Socialite v3.1 - Laravel Social Network Script/socialite3.1/storage/framework/views/a7aea7ad6cd1d330a9cee3feb4fa46fbe4c6c089.php(53): Illuminate\Support\Facades\Facade::__callStatic('partial', Array)
#9 /Users/macbook/Documents/Learn/Socialite v3.1 - Laravel Social Network Script/Socialite v3.1 - Laravel Social Network Script/socialite3.1/vendor/laravel/framework/src/Illuminate/View/Engines/PhpEngine.php(42): include('/Users/macbook/...')
#10 /Users/macbook/Documents/Learn/Socialite v3.1 - Laravel Social Network Script/Socialite v3.1 - Laravel Social Network Script/socialite3.1/vendor/laravel/framework/src/Illuminate/View/Engines/CompilerEngine.php(59): Illuminate\View\Engines\PhpEngine->evaluatePath('/Users/macbook/...', Array)
#11 /Users/macbook/Documents/Learn/Socialite v3.1 - Laravel Social Network Script/Socialite v3.1 - Laravel Social Network Script/socialite3.1/vendor/laravel/framework/src/Illuminate/View/View.php(137): Illuminate\View\Engines\CompilerEngine->get('/Users/macbook/...', Array)
#12 /Users/macbook/Documents/Learn/Socialite v3.1 - Laravel Social Network Script/Socialite v3.1 - Laravel Social Network Script/socialite3.1/vendor/laravel/framework/src/Illuminate/View/View.php(120): Illuminate\View\View->getContents()
#13 /Users/macbook/Documents/Learn/Socialite v3.1 - Laravel Social Network Script/Socialite v3.1 - Laravel Social Network Script/socialite3.1/vendor/laravel/framework/src/Illuminate/View/View.php(85): Illuminate\View\View->renderContents()
#14 /Users/macbook/Documents/Learn/Socialite v3.1 - Laravel Social Network Script/Socialite v3.1 - Laravel Social Network Script/socialite3.1/vendor/teepluss/theme/src/Theme.php(1151): Illuminate\View\View->render()
#15 /Users/macbook/Documents/Learn/Socialite v3.1 - Laravel Social Network Script/Socialite v3.1 - Laravel Social Network Script/socialite3.1/app/Http/Controllers/Auth/LoginController.php(53): Teepluss\Theme\Theme->render()
#16 [internal function]: App\Http\Controllers\Auth\LoginController->getLogin()
#17 /Users/macbook/Documents/Learn/Socialite v3.1 - Laravel Social Network Script/Socialite v3.1 - Laravel Social Network Script/socialite3.1/vendor/laravel/framework/src/Illuminate/Routing/Controller.php(55): call_user_func_array(Array, Array)
#18 /Users/macbook/Documents/Learn/Socialite v3.1 - Laravel Social Network Script/Socialite v3.1 - Laravel Social Network Script/socialite3.1/vendor/laravel/framework/src/Illuminate/Routing/ControllerDispatcher.php(44): Illuminate\Routing\Controller->callAction('getLogin', Array)
#19 /Users/macbook/Documents/Learn/Socialite v3.1 - Laravel Social Network Script/Socialite v3.1 - Laravel Social Network Script/socialite3.1/vendor/laravel/framework/src/Illuminate/Routing/Route.php(203): Illuminate\Routing\ControllerDispatcher->dispatch(Object(Illuminate\Routing\Route), Object(App\Http\Controllers\Auth\LoginController), 'getLogin')
#20 /Users/macbook/Documents/Learn/Socialite v3.1 - Laravel Social Network Script/Socialite v3.1 - Laravel Social Network Script/socialite3.1/vendor/laravel/framework/src/Illuminate/Routing/Route.php(160): Illuminate\Routing\Route->runController()
#21 /Users/macbook/Documents/Learn/Socialite v3.1 - Laravel Social Network Script/Socialite v3.1 - Laravel Social Network Script/socialite3.1/vendor/laravel/framework/src/Illuminate/Routing/Router.php(574): Illuminate\Routing\Route->run()
#22 /Users/macbook/Documents/Learn/Socialite v3.1 - Laravel Social Network Script/Socialite v3.1 - Laravel Social Network Script/socialite3.1/vendor/laravel/framework/src/Illuminate/Routing/Pipeline.php(30): Illuminate\Routing\Router->Illuminate\Routing\{closure}(Object(Illuminate\Http\Request))
#23 /Users/macbook/Documents/Learn/Socialite v3.1 - Laravel Social Network Script/Socialite v3.1 - Laravel Social Network Script/socialite3.1/app/Http/Middleware/RedirectIfAuthenticated.php(25): Illuminate\Routing\Pipeline->Illuminate\Routing\{closure}(Object(Illuminate\Http\Request))
#24 /Users/macbook/Documents/Learn/Socialite v3.1 - Laravel Social Network Script/Socialite v3.1 - Laravel Social Network Script/socialite3.1/vendor/laravel/framework/src/Illuminate/Pipeline/Pipeline.php(148): App\Http\Middleware\RedirectIfAuthenticated->handle(Object(Illuminate\Http\Request), Object(Closure))
#25 /Users/macbook/Documents/Learn/Socialite v3.1 - Laravel Social Network Script/Socialite v3.1 - Laravel Social Network Script/socialite3.1/vendor/laravel/framework/src/Illuminate/Routing/Pipeline.php(53): Illuminate\Pipeline\Pipeline->Illuminate\Pipeline\{closure}(Object(Illuminate\Http\Request))
#26 /Users/macbook/Documents/Learn/Socialite v3.1 - Laravel Social Network Script/Socialite v3.1 - Laravel Social Network Script/socialite3.1/vendor/laravel/framework/src/Illuminate/Foundation/Http/Middleware/VerifyCsrfToken.php(65): Illuminate\Routing\Pipeline->Illuminate\Routing\{closure}(Object(Illuminate\Http\Request))
#27 /Users/macbook/Documents/Learn/Socialite v3.1 - Laravel Social Network Script/Socialite v3.1 - Laravel Social Network Script/socialite3.1/vendor/laravel/framework/src/Illuminate/Pipeline/Pipeline.php(148): Illuminate\Foundation\Http\Middleware\VerifyCsrfToken->handle(Object(Illuminate\Http\Request), Object(Closure))
#28 /Users/macbook/Documents/Learn/Socialite v3.1 - Laravel Social Network Script/Socialite v3.1 - Laravel Social Network Script/socialite3.1/vendor/laravel/framework/src/Illuminate/Routing/Pipeline.php(53): Illuminate\Pipeline\Pipeline->Illuminate\Pipeline\{closure}(Object(Illuminate\Http\Request))
#29 /Users/macbook/Documents/Learn/Socialite v3.1 - Laravel Social Network Script/Socialite v3.1 - Laravel Social Network Script/socialite3.1/vendor/laravel/framework/src/Illuminate/Routing/Middleware/SubstituteBindings.php(41): Illuminate\Routing\Pipeline->Illuminate\Routing\{closure}(Object(Illuminate\Http\Request))
#30 /Users/macbook/Documents/Learn/Socialite v3.1 - Laravel Social Network Script/Socialite v3.1 - Laravel Social Network Script/socialite3.1/vendor/laravel/framework/src/Illuminate/Pipeline/Pipeline.php(148): Illuminate\Routing\Middleware\SubstituteBindings->handle(Object(Illuminate\Http\Request), Object(Closure))
#31 /Users/macbook/Documents/Learn/Socialite v3.1 - Laravel Social Network Script/Socialite v3.1 - Laravel Social Network Script/socialite3.1/vendor/laravel/framework/src/Illuminate/Routing/Pipeline.php(53): Illuminate\Pipeline\Pipeline->Illuminate\Pipeline\{closure}(Object(Illuminate\Http\Request))
#32 /Users/macbook/Documents/Learn/Socialite v3.1 - Laravel Social Network Script/Socialite v3.1 - Laravel Social Network Script/socialite3.1/vendor/laravel/framework/src/Illuminate/View/Middleware/ShareErrorsFromSession.php(49): Illuminate\Routing\Pipeline->Illuminate\Routing\{closure}(Object(Illuminate\Http\Request))
#33 /Users/macbook/Documents/Learn/Socialite v3.1 - Laravel Social Network Script/Socialite v3.1 - Laravel Social Network Script/socialite3.1/vendor/laravel/framework/src/Illuminate/Pipeline/Pipeline.php(148): Illuminate\View\Middleware\ShareErrorsFromSession->handle(Object(Illuminate\Http\Request), Object(Closure))
#34 /Users/macbook/Documents/Learn/Socialite v3.1 - Laravel Social Network Script/Socialite v3.1 - Laravel Social Network Script/socialite3.1/vendor/laravel/framework/src/Illuminate/Routing/Pipeline.php(53): Illuminate\Pipeline\Pipeline->Illuminate\Pipeline\{closure}(Object(Illuminate\Http\Request))
#35 /Users/macbook/Documents/Learn/Socialite v3.1 - Laravel Social Network Script/Socialite v3.1 - Laravel Social Network Script/socialite3.1/app/Http/Middleware/Language.php(42): Illuminate\Routing\Pipeline->Illuminate\Routing\{closure}(Object(Illuminate\Http\Request))
#36 /Users/macbook/Documents/Learn/Socialite v3.1 - Laravel Social Network Script/Socialite v3.1 - Laravel Social Network Script/socialite3.1/vendor/laravel/framework/src/Illuminate/Pipeline/Pipeline.php(148): App\Http\Middleware\Language->handle(Object(Illuminate\Http\Request), Object(Closure))
#37 /Users/macbook/Documents/Learn/Socialite v3.1 - Laravel Social Network Script/Socialite v3.1 - Laravel Social Network Script/socialite3.1/vendor/laravel/framework/src/Illuminate/Routing/Pipeline.php(53): Illuminate\Pipeline\Pipeline->Illuminate\Pipeline\{closure}(Object(Illuminate\Http\Request))
#38 /Users/macbook/Documents/Learn/Socialite v3.1 - Laravel Social Network Script/Socialite v3.1 - Laravel Social Network Script/socialite3.1/vendor/laravel/framework/src/Illuminate/Session/Middleware/StartSession.php(64): Illuminate\Routing\Pipeline->Illuminate\Routing\{closure}(Object(Illuminate\Http\Request))
#39 /Users/macbook/Documents/Learn/Socialite v3.1 - Laravel Social Network Script/Socialite v3.1 - Laravel Social Network Script/socialite3.1/vendor/laravel/framework/src/Illuminate/Pipeline/Pipeline.php(148): Illuminate\Session\Middleware\StartSession->handle(Object(Illuminate\Http\Request), Object(Closure))
#40 /Users/macbook/Documents/Learn/Socialite v3.1 - Laravel Social Network Script/Socialite v3.1 - Laravel Social Network Script/socialite3.1/vendor/laravel/framework/src/Illuminate/Routing/Pipeline.php(53): Illuminate\Pipeline\Pipeline->Illuminate\Pipeline\{closure}(Object(Illuminate\Http\Request))
#41 /Users/macbook/Documents/Learn/Socialite v3.1 - Laravel Social Network Script/Socialite v3.1 - Laravel Social Network Script/socialite3.1/vendor/laravel/framework/src/Illuminate/Cookie/Middleware/AddQueuedCookiesToResponse.php(37): Illuminate\Routing\Pipeline->Illuminate\Routing\{closure}(Object(Illuminate\Http\Request))
#42 /Users/macbook/Documents/Learn/Socialite v3.1 - Laravel Social Network Script/Socialite v3.1 - Laravel Social Network Script/socialite3.1/vendor/laravel/framework/src/Illuminate/Pipeline/Pipeline.php(148): Illuminate\Cookie\Middleware\AddQueuedCookiesToResponse->handle(Object(Illuminate\Http\Request), Object(Closure))
#43 /Users/macbook/Documents/Learn/Socialite v3.1 - Laravel Social Network Script/Socialite v3.1 - Laravel Social Network Script/socialite3.1/vendor/laravel/framework/src/Illuminate/Routing/Pipeline.php(53): Illuminate\Pipeline\Pipeline->Illuminate\Pipeline\{closure}(Object(Illuminate\Http\Request))
#44 /Users/macbook/Documents/Learn/Socialite v3.1 - Laravel Social Network Script/Socialite v3.1 - Laravel Social Network Script/socialite3.1/vendor/laravel/framework/src/Illuminate/Cookie/Middleware/EncryptCookies.php(59): Illuminate\Routing\Pipeline->Illuminate\Routing\{closure}(Object(Illuminate\Http\Request))
#45 /Users/macbook/Documents/Learn/Socialite v3.1 - Laravel Social Network Script/Socialite v3.1 - Laravel Social Network Script/socialite3.1/vendor/laravel/framework/src/Illuminate/Pipeline/Pipeline.php(148): Illuminate\Cookie\Middleware\EncryptCookies->handle(Object(Illuminate\Http\Request), Object(Closure))
#46 /Users/macbook/Documents/Learn/Socialite v3.1 - Laravel Social Network Script/Socialite v3.1 - Laravel Social Network Script/socialite3.1/vendor/laravel/framework/src/Illuminate/Routing/Pipeline.php(53): Illuminate\Pipeline\Pipeline->Illuminate\Pipeline\{closure}(Object(Illuminate\Http\Request))
#47 /Users/macbook/Documents/Learn/Socialite v3.1 - Laravel Social Network Script/Socialite v3.1 - Laravel Social Network Script/socialite3.1/vendor/laravel/framework/src/Illuminate/Pipeline/Pipeline.php(102): Illuminate\Routing\Pipeline->Illuminate\Routing\{closure}(Object(Illuminate\Http\Request))
#48 /Users/macbook/Documents/Learn/Socialite v3.1 - Laravel Social Network Script/Socialite v3.1 - Laravel Social Network Script/socialite3.1/vendor/laravel/framework/src/Illuminate/Routing/Router.php(576): Illuminate\Pipeline\Pipeline->then(Object(Closure))
#49 /Users/macbook/Documents/Learn/Socialite v3.1 - Laravel Social Network Script/Socialite v3.1 - Laravel Social Network Script/socialite3.1/vendor/laravel/framework/src/Illuminate/Routing/Router.php(535): Illuminate\Routing\Router->runRouteWithinStack(Object(Illuminate\Routing\Route), Object(Illuminate\Http\Request))
#50 /Users/macbook/Documents/Learn/Socialite v3.1 - Laravel Social Network Script/Socialite v3.1 - Laravel Social Network Script/socialite3.1/vendor/laravel/framework/src/Illuminate/Routing/Router.php(513): Illuminate\Routing\Router->dispatchToRoute(Object(Illuminate\Http\Request))
#51 /Users/macbook/Documents/Learn/Socialite v3.1 - Laravel Social Network Script/Socialite v3.1 - Laravel Social Network Script/socialite3.1/vendor/laravel/framework/src/Illuminate/Foundation/Http/Kernel.php(176): Illuminate\Routing\Router->dispatch(Object(Illuminate\Http\Request))
#52 /Users/macbook/Documents/Learn/Socialite v3.1 - Laravel Social Network Script/Socialite v3.1 - Laravel Social Network Script/socialite3.1/vendor/laravel/framework/src/Illuminate/Routing/Pipeline.php(30): Illuminate\Foundation\Http\Kernel->Illuminate\Foundation\Http\{closure}(Object(Illuminate\Http\Request))
#53 /Users/macbook/Documents/Learn/Socialite v3.1 - Laravel Social Network Script/Socialite v3.1 - Laravel Social Network Script/socialite3.1/vendor/laravel/framework/src/Illuminate/Foundation/Http/Middleware/CheckForMaintenanceMode.php(46): Illuminate\Routing\Pipeline->Illuminate\Routing\{closure}(Object(Illuminate\Http\Request))
#54 /Users/macbook/Documents/Learn/Socialite v3.1 - Laravel Social Network Script/Socialite v3.1 - Laravel Social Network Script/socialite3.1/vendor/laravel/framework/src/Illuminate/Pipeline/Pipeline.php(148): Illuminate\Foundation\Http\Middleware\CheckForMaintenanceMode->handle(Object(Illuminate\Http\Request), Object(Closure))
#55 /Users/macbook/Documents/Learn/Socialite v3.1 - Laravel Social Network Script/Socialite v3.1 - Laravel Social Network Script/socialite3.1/vendor/laravel/framework/src/Illuminate/Routing/Pipeline.php(53): Illuminate\Pipeline\Pipeline->Illuminate\Pipeline\{closure}(Object(Illuminate\Http\Request))
#56 /Users/macbook/Documents/Learn/Socialite v3.1 - Laravel Social Network Script/Socialite v3.1 - Laravel Social Network Script/socialite3.1/vendor/laravel/framework/src/Illuminate/Pipeline/Pipeline.php(102): Illuminate\Routing\Pipeline->Illuminate\Routing\{closure}(Object(Illuminate\Http\Request))
#57 /Users/macbook/Documents/Learn/Socialite v3.1 - Laravel Social Network Script/Socialite v3.1 - Laravel Social Network Script/socialite3.1/vendor/laravel/framework/src/Illuminate/Foundation/Http/Kernel.php(151): Illuminate\Pipeline\Pipeline->then(Object(Closure))
#58 /Users/macbook/Documents/Learn/Socialite v3.1 - Laravel Social Network Script/Socialite v3.1 - Laravel Social Network Script/socialite3.1/vendor/laravel/framework/src/Illuminate/Foundation/Http/Kernel.php(116): Illuminate\Foundation\Http\Kernel->sendRequestThroughRouter(Object(Illuminate\Http\Request))
#59 /Users/macbook/Documents/Learn/Socialite v3.1 - Laravel Social Network Script/Socialite v3.1 - Laravel Social Network Script/socialite3.1/public/index.php(52): Illuminate\Foundation\Http\Kernel->handle(Object(Illuminate\Http\Request))
#60 /Users/macbook/Documents/Learn/Socialite v3.1 - Laravel Social Network Script/Socialite v3.1 - Laravel Social Network Script/socialite3.1/server.php(19): require_once('/Users/macbook/...')
#61 {main}

Next ErrorException: SQLSTATE[42S02]: Base table or view not found: 1146 Table 'socialite3.static_pages' doesn't exist (SQL: select * from `static_pages` where `active` = 1) (View: /Users/macbook/Documents/Learn/Socialite v3.1 - Laravel Social Network Script/Socialite v3.1 - Laravel Social Network Script/socialite3.1/public/themes/default/partials/footer.blade.php) (View: /Users/macbook/Documents/Learn/Socialite v3.1 - Laravel Social Network Script/Socialite v3.1 - Laravel Social Network Script/socialite3.1/public/themes/default/partials/footer.blade.php) in /Users/macbook/Documents/Learn/Socialite v3.1 - Laravel Social Network Script/Socialite v3.1 - Laravel Social Network Script/socialite3.1/vendor/laravel/framework/src/Illuminate/Database/Connection.php:647
Stack trace:
#0 /Users/macbook/Documents/Learn/Socialite v3.1 - Laravel Social Network Script/Socialite v3.1 - Laravel Social Network Script/socialite3.1/vendor/laravel/framework/src/Illuminate/View/Engines/PhpEngine.php(44): Illuminate\View\Engines\CompilerEngine->handleViewException(Object(ErrorException), 1)
#1 /Users/macbook/Documents/Learn/Socialite v3.1 - Laravel Social Network Script/Socialite v3.1 - Laravel Social Network Script/socialite3.1/vendor/laravel/framework/src/Illuminate/View/Engines/CompilerEngine.php(59): Illuminate\View\Engines\PhpEngine->evaluatePath('/Users/macbook/...', Array)
#2 /Users/macbook/Documents/Learn/Socialite v3.1 - Laravel Social Network Script/Socialite v3.1 - Laravel Social Network Script/socialite3.1/vendor/laravel/framework/src/Illuminate/View/View.php(137): Illuminate\View\Engines\CompilerEngine->get('/Users/macbook/...', Array)
#3 /Users/macbook/Documents/Learn/Socialite v3.1 - Laravel Social Network Script/Socialite v3.1 - Laravel Social Network Script/socialite3.1/vendor/laravel/framework/src/Illuminate/View/View.php(120): Illuminate\View\View->getContents()
#4 /Users/macbook/Documents/Learn/Socialite v3.1 - Laravel Social Network Script/Socialite v3.1 - Laravel Social Network Script/socialite3.1/vendor/laravel/framework/src/Illuminate/View/View.php(85): Illuminate\View\View->renderContents()
#5 /Users/macbook/Documents/Learn/Socialite v3.1 - Laravel Social Network Script/Socialite v3.1 - Laravel Social Network Script/socialite3.1/vendor/teepluss/theme/src/Theme.php(1151): Illuminate\View\View->render()
#6 /Users/macbook/Documents/Learn/Socialite v3.1 - Laravel Social Network Script/Socialite v3.1 - Laravel Social Network Script/socialite3.1/app/Http/Controllers/Auth/LoginController.php(53): Teepluss\Theme\Theme->render()
#7 [internal function]: App\Http\Controllers\Auth\LoginController->getLogin()
#8 /Users/macbook/Documents/Learn/Socialite v3.1 - Laravel Social Network Script/Socialite v3.1 - Laravel Social Network Script/socialite3.1/vendor/laravel/framework/src/Illuminate/Routing/Controller.php(55): call_user_func_array(Array, Array)
#9 /Users/macbook/Documents/Learn/Socialite v3.1 - Laravel Social Network Script/Socialite v3.1 - Laravel Social Network Script/socialite3.1/vendor/laravel/framework/src/Illuminate/Routing/ControllerDispatcher.php(44): Illuminate\Routing\Controller->callAction('getLogin', Array)
#10 /Users/macbook/Documents/Learn/Socialite v3.1 - Laravel Social Network Script/Socialite v3.1 - Laravel Social Network Script/socialite3.1/vendor/laravel/framework/src/Illuminate/Routing/Route.php(203): Illuminate\Routing\ControllerDispatcher->dispatch(Object(Illuminate\Routing\Route), Object(App\Http\Controllers\Auth\LoginController), 'getLogin')
#11 /Users/macbook/Documents/Learn/Socialite v3.1 - Laravel Social Network Script/Socialite v3.1 - Laravel Social Network Script/socialite3.1/vendor/laravel/framework/src/Illuminate/Routing/Route.php(160): Illuminate\Routing\Route->runController()
#12 /Users/macbook/Documents/Learn/Socialite v3.1 - Laravel Social Network Script/Socialite v3.1 - Laravel Social Network Script/socialite3.1/vendor/laravel/framework/src/Illuminate/Routing/Router.php(574): Illuminate\Routing\Route->run()
#13 /Users/macbook/Documents/Learn/Socialite v3.1 - Laravel Social Network Script/Socialite v3.1 - Laravel Social Network Script/socialite3.1/vendor/laravel/framework/src/Illuminate/Routing/Pipeline.php(30): Illuminate\Routing\Router->Illuminate\Routing\{closure}(Object(Illuminate\Http\Request))
#14 /Users/macbook/Documents/Learn/Socialite v3.1 - Laravel Social Network Script/Socialite v3.1 - Laravel Social Network Script/socialite3.1/app/Http/Middleware/RedirectIfAuthenticated.php(25): Illuminate\Routing\Pipeline->Illuminate\Routing\{closure}(Object(Illuminate\Http\Request))
#15 /Users/macbook/Documents/Learn/Socialite v3.1 - Laravel Social Network Script/Socialite v3.1 - Laravel Social Network Script/socialite3.1/vendor/laravel/framework/src/Illuminate/Pipeline/Pipeline.php(148): App\Http\Middleware\RedirectIfAuthenticated->handle(Object(Illuminate\Http\Request), Object(Closure))
#16 /Users/macbook/Documents/Learn/Socialite v3.1 - Laravel Social Network Script/Socialite v3.1 - Laravel Social Network Script/socialite3.1/vendor/laravel/framework/src/Illuminate/Routing/Pipeline.php(53): Illuminate\Pipeline\Pipeline->Illuminate\Pipeline\{closure}(Object(Illuminate\Http\Request))
#17 /Users/macbook/Documents/Learn/Socialite v3.1 - Laravel Social Network Script/Socialite v3.1 - Laravel Social Network Script/socialite3.1/vendor/laravel/framework/src/Illuminate/Foundation/Http/Middleware/VerifyCsrfToken.php(65): Illuminate\Routing\Pipeline->Illuminate\Routing\{closure}(Object(Illuminate\Http\Request))
#18 /Users/macbook/Documents/Learn/Socialite v3.1 - Laravel Social Network Script/Socialite v3.1 - Laravel Social Network Script/socialite3.1/vendor/laravel/framework/src/Illuminate/Pipeline/Pipeline.php(148): Illuminate\Foundation\Http\Middleware\VerifyCsrfToken->handle(Object(Illuminate\Http\Request), Object(Closure))
#19 /Users/macbook/Documents/Learn/Socialite v3.1 - Laravel Social Network Script/Socialite v3.1 - Laravel Social Network Script/socialite3.1/vendor/laravel/framework/src/Illuminate/Routing/Pipeline.php(53): Illuminate\Pipeline\Pipeline->Illuminate\Pipeline\{closure}(Object(Illuminate\Http\Request))
#20 /Users/macbook/Documents/Learn/Socialite v3.1 - Laravel Social Network Script/Socialite v3.1 - Laravel Social Network Script/socialite3.1/vendor/laravel/framework/src/Illuminate/Routing/Middleware/SubstituteBindings.php(41): Illuminate\Routing\Pipeline->Illuminate\Routing\{closure}(Object(Illuminate\Http\Request))
#21 /Users/macbook/Documents/Learn/Socialite v3.1 - Laravel Social Network Script/Socialite v3.1 - Laravel Social Network Script/socialite3.1/vendor/laravel/framework/src/Illuminate/Pipeline/Pipeline.php(148): Illuminate\Routing\Middleware\SubstituteBindings->handle(Object(Illuminate\Http\Request), Object(Closure))
#22 /Users/macbook/Documents/Learn/Socialite v3.1 - Laravel Social Network Script/Socialite v3.1 - Laravel Social Network Script/socialite3.1/vendor/laravel/framework/src/Illuminate/Routing/Pipeline.php(53): Illuminate\Pipeline\Pipeline->Illuminate\Pipeline\{closure}(Object(Illuminate\Http\Request))
#23 /Users/macbook/Documents/Learn/Socialite v3.1 - Laravel Social Network Script/Socialite v3.1 - Laravel Social Network Script/socialite3.1/vendor/laravel/framework/src/Illuminate/View/Middleware/ShareErrorsFromSession.php(49): Illuminate\Routing\Pipeline->Illuminate\Routing\{closure}(Object(Illuminate\Http\Request))
#24 /Users/macbook/Documents/Learn/Socialite v3.1 - Laravel Social Network Script/Socialite v3.1 - Laravel Social Network Script/socialite3.1/vendor/laravel/framework/src/Illuminate/Pipeline/Pipeline.php(148): Illuminate\View\Middleware\ShareErrorsFromSession->handle(Object(Illuminate\Http\Request), Object(Closure))
#25 /Users/macbook/Documents/Learn/Socialite v3.1 - Laravel Social Network Script/Socialite v3.1 - Laravel Social Network Script/socialite3.1/vendor/laravel/framework/src/Illuminate/Routing/Pipeline.php(53): Illuminate\Pipeline\Pipeline->Illuminate\Pipeline\{closure}(Object(Illuminate\Http\Request))
#26 /Users/macbook/Documents/Learn/Socialite v3.1 - Laravel Social Network Script/Socialite v3.1 - Laravel Social Network Script/socialite3.1/app/Http/Middleware/Language.php(42): Illuminate\Routing\Pipeline->Illuminate\Routing\{closure}(Object(Illuminate\Http\Request))
#27 /Users/macbook/Documents/Learn/Socialite v3.1 - Laravel Social Network Script/Socialite v3.1 - Laravel Social Network Script/socialite3.1/vendor/laravel/framework/src/Illuminate/Pipeline/Pipeline.php(148): App\Http\Middleware\Language->handle(Object(Illuminate\Http\Request), Object(Closure))
#28 /Users/macbook/Documents/Learn/Socialite v3.1 - Laravel Social Network Script/Socialite v3.1 - Laravel Social Network Script/socialite3.1/vendor/laravel/framework/src/Illuminate/Routing/Pipeline.php(53): Illuminate\Pipeline\Pipeline->Illuminate\Pipeline\{closure}(Object(Illuminate\Http\Request))
#29 /Users/macbook/Documents/Learn/Socialite v3.1 - Laravel Social Network Script/Socialite v3.1 - Laravel Social Network Script/socialite3.1/vendor/laravel/framework/src/Illuminate/Session/Middleware/StartSession.php(64): Illuminate\Routing\Pipeline->Illuminate\Routing\{closure}(Object(Illuminate\Http\Request))
#30 /Users/macbook/Documents/Learn/Socialite v3.1 - Laravel Social Network Script/Socialite v3.1 - Laravel Social Network Script/socialite3.1/vendor/laravel/framework/src/Illuminate/Pipeline/Pipeline.php(148): Illuminate\Session\Middleware\StartSession->handle(Object(Illuminate\Http\Request), Object(Closure))
#31 /Users/macbook/Documents/Learn/Socialite v3.1 - Laravel Social Network Script/Socialite v3.1 - Laravel Social Network Script/socialite3.1/vendor/laravel/framework/src/Illuminate/Routing/Pipeline.php(53): Illuminate\Pipeline\Pipeline->Illuminate\Pipeline\{closure}(Object(Illuminate\Http\Request))
#32 /Users/macbook/Documents/Learn/Socialite v3.1 - Laravel Social Network Script/Socialite v3.1 - Laravel Social Network Script/socialite3.1/vendor/laravel/framework/src/Illuminate/Cookie/Middleware/AddQueuedCookiesToResponse.php(37): Illuminate\Routing\Pipeline->Illuminate\Routing\{closure}(Object(Illuminate\Http\Request))
#33 /Users/macbook/Documents/Learn/Socialite v3.1 - Laravel Social Network Script/Socialite v3.1 - Laravel Social Network Script/socialite3.1/vendor/laravel/framework/src/Illuminate/Pipeline/Pipeline.php(148): Illuminate\Cookie\Middleware\AddQueuedCookiesToResponse->handle(Object(Illuminate\Http\Request), Object(Closure))
#34 /Users/macbook/Documents/Learn/Socialite v3.1 - Laravel Social Network Script/Socialite v3.1 - Laravel Social Network Script/socialite3.1/vendor/laravel/framework/src/Illuminate/Routing/Pipeline.php(53): Illuminate\Pipeline\Pipeline->Illuminate\Pipeline\{closure}(Object(Illuminate\Http\Request))
#35 /Users/macbook/Documents/Learn/Socialite v3.1 - Laravel Social Network Script/Socialite v3.1 - Laravel Social Network Script/socialite3.1/vendor/laravel/framework/src/Illuminate/Cookie/Middleware/EncryptCookies.php(59): Illuminate\Routing\Pipeline->Illuminate\Routing\{closure}(Object(Illuminate\Http\Request))
#36 /Users/macbook/Documents/Learn/Socialite v3.1 - Laravel Social Network Script/Socialite v3.1 - Laravel Social Network Script/socialite3.1/vendor/laravel/framework/src/Illuminate/Pipeline/Pipeline.php(148): Illuminate\Cookie\Middleware\EncryptCookies->handle(Object(Illuminate\Http\Request), Object(Closure))
#37 /Users/macbook/Documents/Learn/Socialite v3.1 - Laravel Social Network Script/Socialite v3.1 - Laravel Social Network Script/socialite3.1/vendor/laravel/framework/src/Illuminate/Routing/Pipeline.php(53): Illuminate\Pipeline\Pipeline->Illuminate\Pipeline\{closure}(Object(Illuminate\Http\Request))
#38 /Users/macbook/Documents/Learn/Socialite v3.1 - Laravel Social Network Script/Socialite v3.1 - Laravel Social Network Script/socialite3.1/vendor/laravel/framework/src/Illuminate/Pipeline/Pipeline.php(102): Illuminate\Routing\Pipeline->Illuminate\Routing\{closure}(Object(Illuminate\Http\Request))
#39 /Users/macbook/Documents/Learn/Socialite v3.1 - Laravel Social Network Script/Socialite v3.1 - Laravel Social Network Script/socialite3.1/vendor/laravel/framework/src/Illuminate/Routing/Router.php(576): Illuminate\Pipeline\Pipeline->then(Object(Closure))
#40 /Users/macbook/Documents/Learn/Socialite v3.1 - Laravel Social Network Script/Socialite v3.1 - Laravel Social Network Script/socialite3.1/vendor/laravel/framework/src/Illuminate/Routing/Router.php(535): Illuminate\Routing\Router->runRouteWithinStack(Object(Illuminate\Routing\Route), Object(Illuminate\Http\Request))
#41 /Users/macbook/Documents/Learn/Socialite v3.1 - Laravel Social Network Script/Socialite v3.1 - Laravel Social Network Script/socialite3.1/vendor/laravel/framework/src/Illuminate/Routing/Router.php(513): Illuminate\Routing\Router->dispatchToRoute(Object(Illuminate\Http\Request))
#42 /Users/macbook/Documents/Learn/Socialite v3.1 - Laravel Social Network Script/Socialite v3.1 - Laravel Social Network Script/socialite3.1/vendor/laravel/framework/src/Illuminate/Foundation/Http/Kernel.php(176): Illuminate\Routing\Router->dispatch(Object(Illuminate\Http\Request))
#43 /Users/macbook/Documents/Learn/Socialite v3.1 - Laravel Social Network Script/Socialite v3.1 - Laravel Social Network Script/socialite3.1/vendor/laravel/framework/src/Illuminate/Routing/Pipeline.php(30): Illuminate\Foundation\Http\Kernel->Illuminate\Foundation\Http\{closure}(Object(Illuminate\Http\Request))
#44 /Users/macbook/Documents/Learn/Socialite v3.1 - Laravel Social Network Script/Socialite v3.1 - Laravel Social Network Script/socialite3.1/vendor/laravel/framework/src/Illuminate/Foundation/Http/Middleware/CheckForMaintenanceMode.php(46): Illuminate\Routing\Pipeline->Illuminate\Routing\{closure}(Object(Illuminate\Http\Request))
#45 /Users/macbook/Documents/Learn/Socialite v3.1 - Laravel Social Network Script/Socialite v3.1 - Laravel Social Network Script/socialite3.1/vendor/laravel/framework/src/Illuminate/Pipeline/Pipeline.php(148): Illuminate\Foundation\Http\Middleware\CheckForMaintenanceMode->handle(Object(Illuminate\Http\Request), Object(Closure))
#46 /Users/macbook/Documents/Learn/Socialite v3.1 - Laravel Social Network Script/Socialite v3.1 - Laravel Social Network Script/socialite3.1/vendor/laravel/framework/src/Illuminate/Routing/Pipeline.php(53): Illuminate\Pipeline\Pipeline->Illuminate\Pipeline\{closure}(Object(Illuminate\Http\Request))
#47 /Users/macbook/Documents/Learn/Socialite v3.1 - Laravel Social Network Script/Socialite v3.1 - Laravel Social Network Script/socialite3.1/vendor/laravel/framework/src/Illuminate/Pipeline/Pipeline.php(102): Illuminate\Routing\Pipeline->Illuminate\Routing\{closure}(Object(Illuminate\Http\Request))
#48 /Users/macbook/Documents/Learn/Socialite v3.1 - Laravel Social Network Script/Socialite v3.1 - Laravel Social Network Script/socialite3.1/vendor/laravel/framework/src/Illuminate/Foundation/Http/Kernel.php(151): Illuminate\Pipeline\Pipeline->then(Object(Closure))
#49 /Users/macbook/Documents/Learn/Socialite v3.1 - Laravel Social Network Script/Socialite v3.1 - Laravel Social Network Script/socialite3.1/vendor/laravel/framework/src/Illuminate/Foundation/Http/Kernel.php(116): Illuminate\Foundation\Http\Kernel->sendRequestThroughRouter(Object(Illuminate\Http\Request))
#50 /Users/macbook/Documents/Learn/Socialite v3.1 - Laravel Social Network Script/Socialite v3.1 - Laravel Social Network Script/socialite3.1/public/index.php(52): Illuminate\Foundation\Http\Kernel->handle(Object(Illuminate\Http\Request))
#51 /Users/macbook/Documents/Learn/Socialite v3.1 - Laravel Social Network Script/Socialite v3.1 - Laravel Social Network Script/socialite3.1/server.php(19): require_once('/Users/macbook/...')
#52 {main}  
